#
# There is insufficient memory for the Java Runtime Environment to continue.
# Native memory allocation (mmap) failed to map 100663296 bytes for G1 virtual space
# Possible reasons:
#   The system is out of physical RAM or swap space
#   The process is running with CompressedOops enabled, and the Java Heap may be blocking the growth of the native heap
# Possible solutions:
#   Reduce memory load on the system
#   Increase physical memory or swap space
#   Check if swap backing store is full
#   Decrease Java heap size (-Xmx/-Xms)
#   Decrease number of Java threads
#   Decrease Java thread stack sizes (-Xss)
#   Set larger code cache with -XX:ReservedCodeCacheSize=
#   JVM is running with Unscaled Compressed Oops mode in which the Java heap is
#     placed in the first 4GB address space. The Java Heap base address is the
#     maximum limit for the native heap growth. Please use -XX:HeapBaseMinAddress
#     to set the Java Heap base and to place the Java Heap above 4GB virtual address.
# This output file may be truncated or incomplete.
#
#  Out of Memory Error (os_windows.cpp:3527), pid=14228, tid=7612
#
# JRE version: Java(TM) SE Runtime Environment (19.0.1+10) (build 19.0.1+10-21)
# Java VM: Java HotSpot(TM) 64-Bit Server VM (19.0.1+10-21, mixed mode, sharing, tiered, compressed oops, compressed class ptrs, g1 gc, windows-amd64)
# No core dump will be written. Minidumps are not enabled by default on client versions of Windows
#

---------------  S U M M A R Y ------------

Command Line: -ea -javaagent:C:\Users\user\AppData\Local\JetBrains\IdeaIC2022.3\testAgent\intellij-coverage-agent-1.0.682.jar=C:\Users\user\AppData\Local\Temp\coverage10args -Didea.new.sampling.coverage=true -Dcoverage.ignore.private.constructor.util.class=true -Didea.test.cyclic.buffer.size=1048576 -javaagent:C:\Program Files\JetBrains\IntelliJ IDEA Community Edition 2022.3.2\lib\idea_rt.jar=59238:C:\Program Files\JetBrains\IntelliJ IDEA Community Edition 2022.3.2\bin -Dfile.encoding=UTF-8 -Dsun.stdout.encoding=UTF-8 -Dsun.stderr.encoding=UTF-8 com.intellij.rt.junit.JUnitStarter -ideVersion5 -junit5 @w@C:\Users\user\AppData\Local\Temp\idea_working_dirs_junit.tmp @C:\Users\user\AppData\Local\Temp\idea_junit.tmp -socket59237

Host: Intel(R) Core(TM) i7-8550U CPU @ 1.80GHz, 8 cores, 7G,  Windows 10 , 64 bit Build 19041 (10.0.19041.2546)
Time: Sun Apr  9 00:14:00 2023 Atlantic Daylight Time elapsed time: 14.137034 seconds (0d 0h 0m 14s)

---------------  T H R E A D  ---------------

Current thread (0x00000239c168a5f0):  VMThread "VM Thread" [stack: 0x0000007a03800000,0x0000007a03900000] [id=7612]

Stack: [0x0000007a03800000,0x0000007a03900000]
Native frames: (J=compiled Java code, j=interpreted, Vv=VM code, C=native code)
V  [jvm.dll+0x6ee8fa]
V  [jvm.dll+0x857a1e]
V  [jvm.dll+0x85940e]
V  [jvm.dll+0x859ac3]
V  [jvm.dll+0x28291f]
V  [jvm.dll+0x6eb6e9]
V  [jvm.dll+0x6e028a]
V  [jvm.dll+0x357136]
V  [jvm.dll+0x35eb96]
V  [jvm.dll+0x3b555e]
V  [jvm.dll+0x3b578f]
V  [jvm.dll+0x32c6ea]
V  [jvm.dll+0x32c797]
V  [jvm.dll+0x374b52]
V  [jvm.dll+0x37328f]
V  [jvm.dll+0x32bf10]
V  [jvm.dll+0x32f8de]
V  [jvm.dll+0x384b66]
V  [jvm.dll+0x85ef83]
V  [jvm.dll+0x85fd49]
V  [jvm.dll+0x86027d]
V  [jvm.dll+0x86070b]
V  [jvm.dll+0x8607c7]
V  [jvm.dll+0x8015fa]
V  [jvm.dll+0x6ed5eb]
C  [ucrtbase.dll+0x21bb2]
C  [KERNEL32.DLL+0x17614]
C  [ntdll.dll+0x526a1]

VM_Operation (0x0000007a032fa470): CollectForMetadataAllocation, mode: safepoint, requested by thread 0x00000239a33f49c0


---------------  P R O C E S S  ---------------

Threads class SMR info:
_java_thread_list=0x00000239cb920500, length=17, elements={
0x00000239a33f49c0, 0x00000239c16a7c90, 0x00000239c16a8a80, 0x00000239c16ad1c0,
0x00000239c16b0b10, 0x00000239c16b1440, 0x00000239c16b1d70, 0x00000239c16b29d0,
0x00000239c16b3ae0, 0x00000239c16b7c10, 0x00000239c167b680, 0x00000239c61ec3f0,
0x00000239c61ec930, 0x00000239ca41a860, 0x00000239c6712dc0, 0x00000239c6714da0,
0x00000239cbbdf7d0
}

Java Threads: ( => current thread )
  0x00000239a33f49c0 JavaThread "main" [_thread_blocked, id=29472, stack(0x0000007a03200000,0x0000007a03300000)]
  0x00000239c16a7c90 JavaThread "Reference Handler" daemon [_thread_blocked, id=21736, stack(0x0000007a03900000,0x0000007a03a00000)]
  0x00000239c16a8a80 JavaThread "Finalizer" daemon [_thread_blocked, id=26504, stack(0x0000007a03a00000,0x0000007a03b00000)]
  0x00000239c16ad1c0 JavaThread "Signal Dispatcher" daemon [_thread_blocked, id=24996, stack(0x0000007a03b00000,0x0000007a03c00000)]
  0x00000239c16b0b10 JavaThread "Attach Listener" daemon [_thread_blocked, id=28628, stack(0x0000007a03c00000,0x0000007a03d00000)]
  0x00000239c16b1440 JavaThread "Service Thread" daemon [_thread_blocked, id=25124, stack(0x0000007a03d00000,0x0000007a03e00000)]
  0x00000239c16b1d70 JavaThread "Monitor Deflation Thread" daemon [_thread_blocked, id=9072, stack(0x0000007a03e00000,0x0000007a03f00000)]
  0x00000239c16b29d0 JavaThread "C2 CompilerThread0" daemon [_thread_blocked, id=18088, stack(0x0000007a03f00000,0x0000007a04000000)]
  0x00000239c16b3ae0 JavaThread "C1 CompilerThread0" daemon [_thread_blocked, id=26720, stack(0x0000007a04000000,0x0000007a04100000)]
  0x00000239c16b7c10 JavaThread "Sweeper thread" daemon [_thread_blocked, id=28256, stack(0x0000007a04100000,0x0000007a04200000)]
  0x00000239c167b680 JavaThread "Common-Cleaner" daemon [_thread_blocked, id=5912, stack(0x0000007a04200000,0x0000007a04300000)]
  0x00000239c61ec3f0 JavaThread "Monitor Ctrl-Break" daemon [_thread_in_native, id=18408, stack(0x0000007a04400000,0x0000007a04500000)]
  0x00000239c61ec930 JavaThread "Notification Thread" daemon [_thread_blocked, id=508, stack(0x0000007a04500000,0x0000007a04600000)]
  0x00000239ca41a860 JavaThread "mysql-cj-abandoned-connection-cleanup" daemon [_thread_blocked, id=23976, stack(0x0000007a04e00000,0x0000007a04f00000)]
  0x00000239c6712dc0 JavaThread "HikariPool-1 housekeeper" daemon [_thread_blocked, id=13772, stack(0x0000007a05100000,0x0000007a05200000)]
  0x00000239c6714da0 JavaThread "HikariPool-1 connection adder" daemon [_thread_blocked, id=10064, stack(0x0000007a05200000,0x0000007a05300000)]
  0x00000239cbbdf7d0 JavaThread "C2 CompilerThread1" daemon [_thread_blocked, id=27788, stack(0x0000007a04300000,0x0000007a04400000)]

Other Threads:
=>0x00000239c168a5f0 VMThread "VM Thread" [stack: 0x0000007a03800000,0x0000007a03900000] [id=7612]
  0x00000239c6327bc0 WatcherThread "VM Periodic Task Thread" [stack: 0x0000007a04600000,0x0000007a04700000] [id=22240]
  0x00000239a341a380 WorkerThread "GC Thread#0" [stack: 0x0000007a03300000,0x0000007a03400000] [id=13164]
  0x00000239c6897e90 WorkerThread "GC Thread#1" [stack: 0x0000007a04700000,0x0000007a04800000] [id=14948]
  0x00000239c6896540 WorkerThread "GC Thread#2" [stack: 0x0000007a04800000,0x0000007a04900000] [id=14064]
  0x00000239c6896810 WorkerThread "GC Thread#3" [stack: 0x0000007a04900000,0x0000007a04a00000] [id=27608]
  0x00000239c6896ae0 WorkerThread "GC Thread#4" [stack: 0x0000007a04a00000,0x0000007a04b00000] [id=2088]
  0x00000239c6897350 WorkerThread "GC Thread#5" [stack: 0x0000007a04b00000,0x0000007a04c00000] [id=22724]
  0x00000239c6897bc0 WorkerThread "GC Thread#6" [stack: 0x0000007a04c00000,0x0000007a04d00000] [id=220]
  0x00000239c83abaa0 WorkerThread "GC Thread#7" [stack: 0x0000007a04d00000,0x0000007a04e00000] [id=11144]
  0x00000239a3468440 ConcurrentGCThread "G1 Main Marker" [stack: 0x0000007a03400000,0x0000007a03500000] [id=24572]
  0x00000239a3469c90 WorkerThread "G1 Conc#0" [stack: 0x0000007a03500000,0x0000007a03600000] [id=17500]
  0x00000239c83ab500 WorkerThread "G1 Conc#1" [stack: 0x0000007a04f00000,0x0000007a05000000] [id=15176]
  0x00000239a34ae9b0 ConcurrentGCThread "G1 Refine#0" [stack: 0x0000007a03600000,0x0000007a03700000] [id=22468]
  0x00000239c1548540 ConcurrentGCThread "G1 Service" [stack: 0x0000007a03700000,0x0000007a03800000] [id=18836]

Threads with active compile tasks:
C2 CompilerThread0    14189 7176       4       java.lang.PublicMethods::merge (81 bytes)
C1 CompilerThread0    14189 7184       3       org.springframework.scheduling.annotation.ScheduledAnnotationBeanPostProcessor::lambda$postProcessAfterInitialization$0 (62 bytes)
C2 CompilerThread1    14189 7179       4       java.lang.Class::getMethodsRecursive (99 bytes)

VM state: at safepoint (normal execution)

VM Mutex/Monitor currently owned by a thread:  ([mutex/lock_event])
[0x00000239a33ed000] Threads_lock - owner thread: 0x00000239c168a5f0
[0x00000239a33ecee0] Heap_lock - owner thread: 0x00000239a33f49c0

Heap address: 0x0000000081c00000, size: 2020 MB, Compressed Oops mode: 32-bit

CDS archive(s) mapped at: [0x0000000800000000-0x0000000800c40000-0x0000000800c40000), size 12845056, SharedBaseAddress: 0x0000000800000000, ArchiveRelocationMode: 0.
Compressed class space mapped at: 0x0000000801000000-0x0000000841000000, reserved size: 1073741824
Narrow klass base: 0x0000000800000000, Narrow klass shift: 0, Narrow klass range: 0x100000000

GC Precious Log:
 CardTable entry size: 512
 Card Set container configuration: InlinePtr #cards 5 size 8 Array Of Cards #cards 12 size 40 Howl #buckets 4 coarsen threshold 1843 Howl Bitmap #cards 512 size 80 coarsen threshold 460 Card regions per heap region 1 cards per card region 2048
 CPUs: 8 total, 8 available
 Memory: 8074M
 Large Page Support: Disabled
 NUMA Support: Disabled
 Compressed Oops: Enabled (32-bit)
 Heap Region Size: 1M
 Heap Min Capacity: 8M
 Heap Initial Capacity: 128M
 Heap Max Capacity: 2020M
 Pre-touch: Disabled
 Parallel Workers: 8
 Concurrent Workers: 2
 Concurrent Refinement Workers: 8
 Periodic GC: Disabled

Heap:
 garbage-first heap   total 185344K, used 67844K [0x0000000081c00000, 0x0000000100000000)
  region size 1024K, 3 young (3072K), 3 survivors (3072K)
 Metaspace       used 60272K, committed 60608K, reserved 1114112K
  class space    used 6933K, committed 7104K, reserved 1048576K

Heap Regions: E=young(eden), S=young(survivor), O=old, HS=humongous(starts), HC=humongous(continues), CS=collection set, F=free, OA=open archive, CA=closed archive, TAMS=top-at-mark-start (previous, next)
|   0|0x0000000081c00000, 0x0000000081d00000, 0x0000000081d00000|100%|HS|  |TAMS 0x0000000081d00000, 0x0000000081d00000| Complete 
|   1|0x0000000081d00000, 0x0000000081e00000, 0x0000000081e00000|100%| O|  |TAMS 0x0000000081e00000, 0x0000000081e00000| Untracked 
|   2|0x0000000081e00000, 0x0000000081f00000, 0x0000000081f00000|100%| O|  |TAMS 0x0000000081f00000, 0x0000000081f00000| Untracked 
|   3|0x0000000081f00000, 0x0000000082000000, 0x0000000082000000|100%| O|  |TAMS 0x0000000082000000, 0x0000000082000000| Untracked 
|   4|0x0000000082000000, 0x0000000082100000, 0x0000000082100000|100%| O|  |TAMS 0x0000000082100000, 0x0000000082100000| Untracked 
|   5|0x0000000082100000, 0x0000000082200000, 0x0000000082200000|100%| O|  |TAMS 0x0000000082200000, 0x0000000082200000| Untracked 
|   6|0x0000000082200000, 0x0000000082300000, 0x0000000082300000|100%| O|  |TAMS 0x0000000082300000, 0x0000000082300000| Untracked 
|   7|0x0000000082300000, 0x0000000082400000, 0x0000000082400000|100%| O|  |TAMS 0x0000000082400000, 0x0000000082400000| Untracked 
|   8|0x0000000082400000, 0x0000000082500000, 0x0000000082500000|100%| O|  |TAMS 0x0000000082500000, 0x0000000082500000| Untracked 
|   9|0x0000000082500000, 0x0000000082600000, 0x0000000082600000|100%| O|  |TAMS 0x0000000082600000, 0x0000000082600000| Untracked 
|  10|0x0000000082600000, 0x0000000082700000, 0x0000000082700000|100%| O|  |TAMS 0x0000000082700000, 0x0000000082700000| Untracked 
|  11|0x0000000082700000, 0x0000000082800000, 0x0000000082800000|100%| O|  |TAMS 0x0000000082800000, 0x0000000082800000| Untracked 
|  12|0x0000000082800000, 0x0000000082900000, 0x0000000082900000|100%| O|  |TAMS 0x0000000082900000, 0x0000000082900000| Untracked 
|  13|0x0000000082900000, 0x0000000082a00000, 0x0000000082a00000|100%| O|  |TAMS 0x0000000082a00000, 0x0000000082a00000| Untracked 
|  14|0x0000000082a00000, 0x0000000082b00000, 0x0000000082b00000|100%| O|  |TAMS 0x0000000082b00000, 0x0000000082b00000| Untracked 
|  15|0x0000000082b00000, 0x0000000082c00000, 0x0000000082c00000|100%| O|  |TAMS 0x0000000082c00000, 0x0000000082c00000| Untracked 
|  16|0x0000000082c00000, 0x0000000082d00000, 0x0000000082d00000|100%| O|  |TAMS 0x0000000082d00000, 0x0000000082d00000| Untracked 
|  17|0x0000000082d00000, 0x0000000082e00000, 0x0000000082e00000|100%| O|  |TAMS 0x0000000082e00000, 0x0000000082e00000| Untracked 
|  18|0x0000000082e00000, 0x0000000082f00000, 0x0000000082f00000|100%| O|  |TAMS 0x0000000082f00000, 0x0000000082f00000| Untracked 
|  19|0x0000000082f00000, 0x0000000083000000, 0x0000000083000000|100%| O|  |TAMS 0x0000000083000000, 0x0000000083000000| Untracked 
|  20|0x0000000083000000, 0x0000000083100000, 0x0000000083100000|100%| O|  |TAMS 0x0000000083100000, 0x0000000083100000| Untracked 
|  21|0x0000000083100000, 0x0000000083200000, 0x0000000083200000|100%| O|  |TAMS 0x0000000083200000, 0x0000000083200000| Untracked 
|  22|0x0000000083200000, 0x0000000083300000, 0x0000000083300000|100%| O|  |TAMS 0x0000000083300000, 0x0000000083300000| Untracked 
|  23|0x0000000083300000, 0x0000000083400000, 0x0000000083400000|100%| O|  |TAMS 0x0000000083400000, 0x0000000083400000| Untracked 
|  24|0x0000000083400000, 0x0000000083500000, 0x0000000083500000|100%| O|  |TAMS 0x0000000083500000, 0x0000000083500000| Untracked 
|  25|0x0000000083500000, 0x0000000083600000, 0x0000000083600000|100%| O|  |TAMS 0x0000000083600000, 0x0000000083600000| Untracked 
|  26|0x0000000083600000, 0x0000000083700000, 0x0000000083700000|100%| O|  |TAMS 0x0000000083700000, 0x0000000083700000| Untracked 
|  27|0x0000000083700000, 0x0000000083800000, 0x0000000083800000|100%| O|  |TAMS 0x0000000083800000, 0x0000000083800000| Untracked 
|  28|0x0000000083800000, 0x0000000083900000, 0x0000000083900000|100%| O|  |TAMS 0x0000000083900000, 0x0000000083900000| Untracked 
|  29|0x0000000083900000, 0x0000000083a00000, 0x0000000083a00000|100%| O|  |TAMS 0x0000000083a00000, 0x0000000083a00000| Untracked 
|  30|0x0000000083a00000, 0x0000000083b00000, 0x0000000083b00000|100%| O|  |TAMS 0x0000000083a00000, 0x0000000083b00000| Untracked 
|  31|0x0000000083b00000, 0x0000000083c00000, 0x0000000083c00000|100%| O|  |TAMS 0x0000000083b00000, 0x0000000083c00000| Untracked 
|  32|0x0000000083c00000, 0x0000000083d00000, 0x0000000083d00000|100%| O|  |TAMS 0x0000000083c00000, 0x0000000083d00000| Untracked 
|  33|0x0000000083d00000, 0x0000000083e00000, 0x0000000083e00000|100%| O|  |TAMS 0x0000000083d00000, 0x0000000083e00000| Untracked 
|  34|0x0000000083e00000, 0x0000000083f00000, 0x0000000083f00000|100%| O|  |TAMS 0x0000000083e00000, 0x0000000083f00000| Untracked 
|  35|0x0000000083f00000, 0x0000000084000000, 0x0000000084000000|100%| O|  |TAMS 0x0000000083f00000, 0x0000000084000000| Untracked 
|  36|0x0000000084000000, 0x0000000084100000, 0x0000000084100000|100%| O|  |TAMS 0x0000000084000000, 0x0000000084100000| Untracked 
|  37|0x0000000084100000, 0x0000000084200000, 0x0000000084200000|100%| O|  |TAMS 0x0000000084100000, 0x0000000084200000| Untracked 
|  38|0x0000000084200000, 0x0000000084300000, 0x0000000084300000|100%| O|  |TAMS 0x0000000084200000, 0x0000000084300000| Untracked 
|  39|0x0000000084300000, 0x0000000084400000, 0x0000000084400000|100%| O|  |TAMS 0x0000000084300000, 0x0000000084400000| Untracked 
|  40|0x0000000084400000, 0x0000000084500000, 0x0000000084500000|100%| O|  |TAMS 0x0000000084400000, 0x0000000084500000| Untracked 
|  41|0x0000000084500000, 0x0000000084600000, 0x0000000084600000|100%| O|  |TAMS 0x0000000084500000, 0x0000000084600000| Untracked 
|  42|0x0000000084600000, 0x0000000084700000, 0x0000000084700000|100%| O|  |TAMS 0x0000000084600000, 0x0000000084700000| Untracked 
|  43|0x0000000084700000, 0x0000000084800000, 0x0000000084800000|100%| O|  |TAMS 0x0000000084700000, 0x0000000084800000| Untracked 
|  44|0x0000000084800000, 0x0000000084900000, 0x0000000084900000|100%| O|  |TAMS 0x0000000084800000, 0x0000000084900000| Untracked 
|  45|0x0000000084900000, 0x0000000084a00000, 0x0000000084a00000|100%| O|  |TAMS 0x0000000084900000, 0x0000000084a00000| Untracked 
|  46|0x0000000084a00000, 0x0000000084b00000, 0x0000000084b00000|100%| O|  |TAMS 0x0000000084a00000, 0x0000000084b00000| Untracked 
|  47|0x0000000084b00000, 0x0000000084c00000, 0x0000000084c00000|100%| O|  |TAMS 0x0000000084b00000, 0x0000000084c00000| Untracked 
|  48|0x0000000084c00000, 0x0000000084d00000, 0x0000000084d00000|100%| O|  |TAMS 0x0000000084c00000, 0x0000000084d00000| Untracked 
|  49|0x0000000084d00000, 0x0000000084e00000, 0x0000000084e00000|100%| O|  |TAMS 0x0000000084d00000, 0x0000000084e00000| Untracked 
|  50|0x0000000084e00000, 0x0000000084f00000, 0x0000000084f00000|100%| O|  |TAMS 0x0000000084e00000, 0x0000000084f00000| Untracked 
|  51|0x0000000084f00000, 0x0000000085000000, 0x0000000085000000|100%| O|  |TAMS 0x0000000084f00000, 0x0000000085000000| Untracked 
|  52|0x0000000085000000, 0x0000000085100000, 0x0000000085100000|100%| O|  |TAMS 0x0000000085000000, 0x0000000085100000| Untracked 
|  53|0x0000000085100000, 0x0000000085200000, 0x0000000085200000|100%| O|  |TAMS 0x0000000085100000, 0x0000000085200000| Untracked 
|  54|0x0000000085200000, 0x0000000085300000, 0x0000000085300000|100%| O|  |TAMS 0x0000000085200000, 0x0000000085300000| Untracked 
|  55|0x0000000085300000, 0x0000000085400000, 0x0000000085400000|100%| O|  |TAMS 0x0000000085300000, 0x0000000085400000| Untracked 
|  56|0x0000000085400000, 0x0000000085500000, 0x0000000085500000|100%| O|  |TAMS 0x0000000085400000, 0x0000000085500000| Untracked 
|  57|0x0000000085500000, 0x0000000085600000, 0x0000000085600000|100%| O|  |TAMS 0x0000000085500000, 0x00000000855ebc00| Untracked 
|  58|0x0000000085600000, 0x0000000085700000, 0x0000000085700000|100%| O|  |TAMS 0x0000000085600000, 0x0000000085600000| Untracked 
|  59|0x0000000085700000, 0x0000000085800000, 0x0000000085800000|100%| O|  |TAMS 0x0000000085700000, 0x0000000085700000| Untracked 
|  60|0x0000000085800000, 0x0000000085900000, 0x0000000085900000|100%| O|  |TAMS 0x0000000085800000, 0x0000000085800000| Untracked 
|  61|0x0000000085900000, 0x0000000085a00000, 0x0000000085a00000|100%| O|  |TAMS 0x0000000085900000, 0x0000000085900000| Untracked 
|  62|0x0000000085a00000, 0x0000000085b00000, 0x0000000085b00000|100%| O|  |TAMS 0x0000000085a00000, 0x0000000085a00000| Untracked 
|  63|0x0000000085b00000, 0x0000000085bd1a00, 0x0000000085c00000| 81%| O|  |TAMS 0x0000000085b00000, 0x0000000085b00000| Untracked 
|  64|0x0000000085c00000, 0x0000000085c00000, 0x0000000085d00000|  0%| F|  |TAMS 0x0000000085c00000, 0x0000000085c00000| Untracked 
|  65|0x0000000085d00000, 0x0000000085d00000, 0x0000000085e00000|  0%| F|  |TAMS 0x0000000085d00000, 0x0000000085d00000| Untracked 
|  66|0x0000000085e00000, 0x0000000085e00000, 0x0000000085f00000|  0%| F|  |TAMS 0x0000000085e00000, 0x0000000085e00000| Untracked 
|  67|0x0000000085f00000, 0x0000000085f00000, 0x0000000086000000|  0%| F|  |TAMS 0x0000000085f00000, 0x0000000085f00000| Untracked 
|  68|0x0000000086000000, 0x0000000086000000, 0x0000000086100000|  0%| F|  |TAMS 0x0000000086000000, 0x0000000086000000| Untracked 
|  69|0x0000000086100000, 0x0000000086100000, 0x0000000086200000|  0%| F|  |TAMS 0x0000000086100000, 0x0000000086100000| Untracked 
|  70|0x0000000086200000, 0x0000000086200000, 0x0000000086300000|  0%| F|  |TAMS 0x0000000086200000, 0x0000000086200000| Untracked 
|  71|0x0000000086300000, 0x0000000086300000, 0x0000000086400000|  0%| F|  |TAMS 0x0000000086300000, 0x0000000086300000| Untracked 
|  72|0x0000000086400000, 0x0000000086400000, 0x0000000086500000|  0%| F|  |TAMS 0x0000000086400000, 0x0000000086400000| Untracked 
|  73|0x0000000086500000, 0x0000000086500000, 0x0000000086600000|  0%| F|  |TAMS 0x0000000086500000, 0x0000000086500000| Untracked 
|  74|0x0000000086600000, 0x0000000086600000, 0x0000000086700000|  0%| F|  |TAMS 0x0000000086600000, 0x0000000086600000| Untracked 
|  75|0x0000000086700000, 0x0000000086700000, 0x0000000086800000|  0%| F|  |TAMS 0x0000000086700000, 0x0000000086700000| Untracked 
|  76|0x0000000086800000, 0x0000000086800000, 0x0000000086900000|  0%| F|  |TAMS 0x0000000086800000, 0x0000000086800000| Untracked 
|  77|0x0000000086900000, 0x0000000086900000, 0x0000000086a00000|  0%| F|  |TAMS 0x0000000086900000, 0x0000000086900000| Untracked 
|  78|0x0000000086a00000, 0x0000000086a00000, 0x0000000086b00000|  0%| F|  |TAMS 0x0000000086a00000, 0x0000000086a00000| Untracked 
|  79|0x0000000086b00000, 0x0000000086b00000, 0x0000000086c00000|  0%| F|  |TAMS 0x0000000086b00000, 0x0000000086b00000| Untracked 
|  80|0x0000000086c00000, 0x0000000086c00000, 0x0000000086d00000|  0%| F|  |TAMS 0x0000000086c00000, 0x0000000086c00000| Untracked 
|  81|0x0000000086d00000, 0x0000000086d00000, 0x0000000086e00000|  0%| F|  |TAMS 0x0000000086d00000, 0x0000000086d00000| Untracked 
|  82|0x0000000086e00000, 0x0000000086e00000, 0x0000000086f00000|  0%| F|  |TAMS 0x0000000086e00000, 0x0000000086e00000| Untracked 
|  83|0x0000000086f00000, 0x0000000086f00000, 0x0000000087000000|  0%| F|  |TAMS 0x0000000086f00000, 0x0000000086f00000| Untracked 
|  84|0x0000000087000000, 0x0000000087000000, 0x0000000087100000|  0%| F|  |TAMS 0x0000000087000000, 0x0000000087000000| Untracked 
|  85|0x0000000087100000, 0x0000000087100000, 0x0000000087200000|  0%| F|  |TAMS 0x0000000087100000, 0x0000000087100000| Untracked 
|  86|0x0000000087200000, 0x0000000087200000, 0x0000000087300000|  0%| F|  |TAMS 0x0000000087200000, 0x0000000087200000| Untracked 
|  87|0x0000000087300000, 0x0000000087300000, 0x0000000087400000|  0%| F|  |TAMS 0x0000000087300000, 0x0000000087300000| Untracked 
|  88|0x0000000087400000, 0x0000000087400000, 0x0000000087500000|  0%| F|  |TAMS 0x0000000087400000, 0x0000000087400000| Untracked 
|  89|0x0000000087500000, 0x0000000087500000, 0x0000000087600000|  0%| F|  |TAMS 0x0000000087500000, 0x0000000087500000| Untracked 
|  90|0x0000000087600000, 0x0000000087600000, 0x0000000087700000|  0%| F|  |TAMS 0x0000000087600000, 0x0000000087600000| Untracked 
|  91|0x0000000087700000, 0x0000000087700000, 0x0000000087800000|  0%| F|  |TAMS 0x0000000087700000, 0x0000000087700000| Untracked 
|  92|0x0000000087800000, 0x0000000087800000, 0x0000000087900000|  0%| F|  |TAMS 0x0000000087800000, 0x0000000087800000| Untracked 
|  93|0x0000000087900000, 0x0000000087900000, 0x0000000087a00000|  0%| F|  |TAMS 0x0000000087900000, 0x0000000087900000| Untracked 
|  94|0x0000000087a00000, 0x0000000087a00000, 0x0000000087b00000|  0%| F|  |TAMS 0x0000000087a00000, 0x0000000087a00000| Untracked 
|  95|0x0000000087b00000, 0x0000000087b00000, 0x0000000087c00000|  0%| F|  |TAMS 0x0000000087b00000, 0x0000000087b00000| Untracked 
|  96|0x0000000087c00000, 0x0000000087c00000, 0x0000000087d00000|  0%| F|  |TAMS 0x0000000087c00000, 0x0000000087c00000| Untracked 
|  97|0x0000000087d00000, 0x0000000087d00000, 0x0000000087e00000|  0%| F|  |TAMS 0x0000000087d00000, 0x0000000087d00000| Untracked 
|  98|0x0000000087e00000, 0x0000000087e00000, 0x0000000087f00000|  0%| F|  |TAMS 0x0000000087e00000, 0x0000000087e00000| Untracked 
|  99|0x0000000087f00000, 0x0000000087f00000, 0x0000000088000000|  0%| F|  |TAMS 0x0000000087f00000, 0x0000000087f00000| Untracked 
| 100|0x0000000088000000, 0x0000000088000000, 0x0000000088100000|  0%| F|  |TAMS 0x0000000088000000, 0x0000000088000000| Untracked 
| 101|0x0000000088100000, 0x0000000088100000, 0x0000000088200000|  0%| F|  |TAMS 0x0000000088100000, 0x0000000088100000| Untracked 
| 102|0x0000000088200000, 0x0000000088200000, 0x0000000088300000|  0%| F|  |TAMS 0x0000000088200000, 0x0000000088200000| Untracked 
| 103|0x0000000088300000, 0x0000000088300000, 0x0000000088400000|  0%| F|  |TAMS 0x0000000088300000, 0x0000000088300000| Untracked 
| 104|0x0000000088400000, 0x0000000088400000, 0x0000000088500000|  0%| F|  |TAMS 0x0000000088400000, 0x0000000088400000| Untracked 
| 105|0x0000000088500000, 0x0000000088500000, 0x0000000088600000|  0%| F|  |TAMS 0x0000000088500000, 0x0000000088500000| Untracked 
| 106|0x0000000088600000, 0x0000000088600000, 0x0000000088700000|  0%| F|  |TAMS 0x0000000088600000, 0x0000000088600000| Untracked 
| 107|0x0000000088700000, 0x0000000088700000, 0x0000000088800000|  0%| F|  |TAMS 0x0000000088700000, 0x0000000088700000| Untracked 
| 108|0x0000000088800000, 0x0000000088800000, 0x0000000088900000|  0%| F|  |TAMS 0x0000000088800000, 0x0000000088800000| Untracked 
| 109|0x0000000088900000, 0x0000000088900000, 0x0000000088a00000|  0%| F|  |TAMS 0x0000000088900000, 0x0000000088900000| Untracked 
| 110|0x0000000088a00000, 0x0000000088a00000, 0x0000000088b00000|  0%| F|  |TAMS 0x0000000088a00000, 0x0000000088a00000| Untracked 
| 111|0x0000000088b00000, 0x0000000088b00000, 0x0000000088c00000|  0%| F|  |TAMS 0x0000000088b00000, 0x0000000088b00000| Untracked 
| 112|0x0000000088c00000, 0x0000000088c6f958, 0x0000000088d00000| 43%| S|CS|TAMS 0x0000000088c00000, 0x0000000088c00000| Complete 
| 113|0x0000000088d00000, 0x0000000088e00000, 0x0000000088e00000|100%| S|CS|TAMS 0x0000000088d00000, 0x0000000088d00000| Complete 
| 114|0x0000000088e00000, 0x0000000088f00000, 0x0000000088f00000|100%| S|CS|TAMS 0x0000000088e00000, 0x0000000088e00000| Complete 
| 115|0x0000000088f00000, 0x0000000088f00000, 0x0000000089000000|  0%| F|  |TAMS 0x0000000088f00000, 0x0000000088f00000| Untracked 
| 116|0x0000000089000000, 0x0000000089000000, 0x0000000089100000|  0%| F|  |TAMS 0x0000000089000000, 0x0000000089000000| Untracked 
| 117|0x0000000089100000, 0x0000000089100000, 0x0000000089200000|  0%| F|  |TAMS 0x0000000089100000, 0x0000000089100000| Untracked 
| 118|0x0000000089200000, 0x0000000089200000, 0x0000000089300000|  0%| F|  |TAMS 0x0000000089200000, 0x0000000089200000| Untracked 
| 119|0x0000000089300000, 0x0000000089300000, 0x0000000089400000|  0%| F|  |TAMS 0x0000000089300000, 0x0000000089300000| Untracked 
| 120|0x0000000089400000, 0x0000000089400000, 0x0000000089500000|  0%| F|  |TAMS 0x0000000089400000, 0x0000000089400000| Untracked 
| 121|0x0000000089500000, 0x0000000089500000, 0x0000000089600000|  0%| F|  |TAMS 0x0000000089500000, 0x0000000089500000| Untracked 
| 122|0x0000000089600000, 0x0000000089600000, 0x0000000089700000|  0%| F|  |TAMS 0x0000000089600000, 0x0000000089600000| Untracked 
| 123|0x0000000089700000, 0x0000000089700000, 0x0000000089800000|  0%| F|  |TAMS 0x0000000089700000, 0x0000000089700000| Untracked 
| 124|0x0000000089800000, 0x0000000089800000, 0x0000000089900000|  0%| F|  |TAMS 0x0000000089800000, 0x0000000089800000| Untracked 
| 125|0x0000000089900000, 0x0000000089900000, 0x0000000089a00000|  0%| F|  |TAMS 0x0000000089900000, 0x0000000089900000| Untracked 
| 126|0x0000000089a00000, 0x0000000089a00000, 0x0000000089b00000|  0%| F|  |TAMS 0x0000000089a00000, 0x0000000089a00000| Untracked 
| 127|0x0000000089b00000, 0x0000000089b00000, 0x0000000089c00000|  0%| F|  |TAMS 0x0000000089b00000, 0x0000000089b00000| Untracked 
| 128|0x0000000089c00000, 0x0000000089c00000, 0x0000000089d00000|  0%| F|  |TAMS 0x0000000089c00000, 0x0000000089c00000| Untracked 
| 129|0x0000000089d00000, 0x0000000089d00000, 0x0000000089e00000|  0%| F|  |TAMS 0x0000000089d00000, 0x0000000089d00000| Untracked 
| 130|0x0000000089e00000, 0x0000000089e00000, 0x0000000089f00000|  0%| F|  |TAMS 0x0000000089e00000, 0x0000000089e00000| Untracked 
| 131|0x0000000089f00000, 0x0000000089f00000, 0x000000008a000000|  0%| F|  |TAMS 0x0000000089f00000, 0x0000000089f00000| Untracked 
| 132|0x000000008a000000, 0x000000008a000000, 0x000000008a100000|  0%| F|  |TAMS 0x000000008a000000, 0x000000008a000000| Untracked 
| 133|0x000000008a100000, 0x000000008a100000, 0x000000008a200000|  0%| F|  |TAMS 0x000000008a100000, 0x000000008a100000| Untracked 
| 134|0x000000008a200000, 0x000000008a200000, 0x000000008a300000|  0%| F|  |TAMS 0x000000008a200000, 0x000000008a200000| Untracked 
| 135|0x000000008a300000, 0x000000008a300000, 0x000000008a400000|  0%| F|  |TAMS 0x000000008a300000, 0x000000008a300000| Untracked 
| 136|0x000000008a400000, 0x000000008a400000, 0x000000008a500000|  0%| F|  |TAMS 0x000000008a400000, 0x000000008a400000| Untracked 
| 137|0x000000008a500000, 0x000000008a500000, 0x000000008a600000|  0%| F|  |TAMS 0x000000008a500000, 0x000000008a500000| Untracked 
| 138|0x000000008a600000, 0x000000008a600000, 0x000000008a700000|  0%| F|  |TAMS 0x000000008a600000, 0x000000008a600000| Untracked 
| 139|0x000000008a700000, 0x000000008a700000, 0x000000008a800000|  0%| F|  |TAMS 0x000000008a700000, 0x000000008a700000| Untracked 
| 140|0x000000008a800000, 0x000000008a800000, 0x000000008a900000|  0%| F|  |TAMS 0x000000008a800000, 0x000000008a800000| Untracked 
| 141|0x000000008a900000, 0x000000008a900000, 0x000000008aa00000|  0%| F|  |TAMS 0x000000008a900000, 0x000000008a900000| Untracked 
| 142|0x000000008aa00000, 0x000000008aa00000, 0x000000008ab00000|  0%| F|  |TAMS 0x000000008aa00000, 0x000000008aa00000| Untracked 
| 143|0x000000008ab00000, 0x000000008ab00000, 0x000000008ac00000|  0%| F|  |TAMS 0x000000008ab00000, 0x000000008ab00000| Untracked 
| 144|0x000000008ac00000, 0x000000008ac00000, 0x000000008ad00000|  0%| F|  |TAMS 0x000000008ac00000, 0x000000008ac00000| Untracked 
| 145|0x000000008ad00000, 0x000000008ad00000, 0x000000008ae00000|  0%| F|  |TAMS 0x000000008ad00000, 0x000000008ad00000| Untracked 
| 146|0x000000008ae00000, 0x000000008ae00000, 0x000000008af00000|  0%| F|  |TAMS 0x000000008ae00000, 0x000000008ae00000| Untracked 
| 147|0x000000008af00000, 0x000000008af00000, 0x000000008b000000|  0%| F|  |TAMS 0x000000008af00000, 0x000000008af00000| Untracked 
| 148|0x000000008b000000, 0x000000008b000000, 0x000000008b100000|  0%| F|  |TAMS 0x000000008b000000, 0x000000008b000000| Untracked 
| 149|0x000000008b100000, 0x000000008b100000, 0x000000008b200000|  0%| F|  |TAMS 0x000000008b100000, 0x000000008b100000| Untracked 
| 150|0x000000008b200000, 0x000000008b200000, 0x000000008b300000|  0%| F|  |TAMS 0x000000008b200000, 0x000000008b200000| Untracked 
| 151|0x000000008b300000, 0x000000008b300000, 0x000000008b400000|  0%| F|  |TAMS 0x000000008b300000, 0x000000008b300000| Untracked 
| 152|0x000000008b400000, 0x000000008b400000, 0x000000008b500000|  0%| F|  |TAMS 0x000000008b400000, 0x000000008b400000| Untracked 
| 153|0x000000008b500000, 0x000000008b500000, 0x000000008b600000|  0%| F|  |TAMS 0x000000008b500000, 0x000000008b500000| Untracked 
| 154|0x000000008b600000, 0x000000008b600000, 0x000000008b700000|  0%| F|  |TAMS 0x000000008b600000, 0x000000008b600000| Untracked 
| 155|0x000000008b700000, 0x000000008b700000, 0x000000008b800000|  0%| F|  |TAMS 0x000000008b700000, 0x000000008b700000| Untracked 
| 156|0x000000008b800000, 0x000000008b800000, 0x000000008b900000|  0%| F|  |TAMS 0x000000008b800000, 0x000000008b800000| Untracked 
| 157|0x000000008b900000, 0x000000008b900000, 0x000000008ba00000|  0%| F|  |TAMS 0x000000008b900000, 0x000000008b900000| Untracked 
| 158|0x000000008ba00000, 0x000000008ba00000, 0x000000008bb00000|  0%| F|  |TAMS 0x000000008ba00000, 0x000000008ba00000| Untracked 
| 159|0x000000008bb00000, 0x000000008bb00000, 0x000000008bc00000|  0%| F|  |TAMS 0x000000008bb00000, 0x000000008bb00000| Untracked 
| 160|0x000000008bc00000, 0x000000008bc00000, 0x000000008bd00000|  0%| F|  |TAMS 0x000000008bc00000, 0x000000008bc00000| Untracked 
| 161|0x000000008bd00000, 0x000000008bd00000, 0x000000008be00000|  0%| F|  |TAMS 0x000000008bd00000, 0x000000008bd00000| Untracked 
| 162|0x000000008be00000, 0x000000008be00000, 0x000000008bf00000|  0%| F|  |TAMS 0x000000008be00000, 0x000000008be00000| Untracked 
| 163|0x000000008bf00000, 0x000000008bf00000, 0x000000008c000000|  0%| F|  |TAMS 0x000000008bf00000, 0x000000008bf00000| Untracked 
| 164|0x000000008c000000, 0x000000008c000000, 0x000000008c100000|  0%| F|  |TAMS 0x000000008c000000, 0x000000008c000000| Untracked 
| 165|0x000000008c100000, 0x000000008c100000, 0x000000008c200000|  0%| F|  |TAMS 0x000000008c100000, 0x000000008c100000| Untracked 
| 166|0x000000008c200000, 0x000000008c200000, 0x000000008c300000|  0%| F|  |TAMS 0x000000008c200000, 0x000000008c200000| Untracked 
| 167|0x000000008c300000, 0x000000008c300000, 0x000000008c400000|  0%| F|  |TAMS 0x000000008c300000, 0x000000008c300000| Untracked 
| 168|0x000000008c400000, 0x000000008c400000, 0x000000008c500000|  0%| F|  |TAMS 0x000000008c400000, 0x000000008c400000| Untracked 
| 169|0x000000008c500000, 0x000000008c500000, 0x000000008c600000|  0%| F|  |TAMS 0x000000008c500000, 0x000000008c500000| Untracked 
| 170|0x000000008c600000, 0x000000008c600000, 0x000000008c700000|  0%| F|  |TAMS 0x000000008c600000, 0x000000008c600000| Untracked 
| 171|0x000000008c700000, 0x000000008c700000, 0x000000008c800000|  0%| F|  |TAMS 0x000000008c700000, 0x000000008c700000| Untracked 
| 172|0x000000008c800000, 0x000000008c800000, 0x000000008c900000|  0%| F|  |TAMS 0x000000008c800000, 0x000000008c800000| Untracked 
| 173|0x000000008c900000, 0x000000008c900000, 0x000000008ca00000|  0%| F|  |TAMS 0x000000008c900000, 0x000000008c900000| Untracked 
| 174|0x000000008ca00000, 0x000000008ca00000, 0x000000008cb00000|  0%| F|  |TAMS 0x000000008ca00000, 0x000000008ca00000| Untracked 
| 175|0x000000008cb00000, 0x000000008cb00000, 0x000000008cc00000|  0%| F|  |TAMS 0x000000008cb00000, 0x000000008cb00000| Untracked 
| 176|0x000000008cc00000, 0x000000008cc00000, 0x000000008cd00000|  0%| F|  |TAMS 0x000000008cc00000, 0x000000008cc00000| Untracked 
| 177|0x000000008cd00000, 0x000000008cd00000, 0x000000008ce00000|  0%| F|  |TAMS 0x000000008cd00000, 0x000000008cd00000| Untracked 
| 178|0x000000008ce00000, 0x000000008ce00000, 0x000000008cf00000|  0%| F|  |TAMS 0x000000008ce00000, 0x000000008ce00000| Untracked 
| 275|0x0000000092f00000, 0x0000000092f00000, 0x0000000093000000|  0%| F|  |TAMS 0x0000000092f00000, 0x0000000092f00000| Untracked 
| 276|0x0000000093000000, 0x0000000093000000, 0x0000000093100000|  0%| F|  |TAMS 0x0000000093000000, 0x0000000093000000| Untracked 

Card table byte_map: [0x00000239baa80000,0x00000239bae80000] _byte_map_base: 0x00000239ba672000

Marking Bits (Prev, Next): (CMBitMap*) 0x00000239a3457e90, (CMBitMap*) 0x00000239a3457ed0
 Prev Bits: [0x00000239bb280000, 0x00000239bd210000)
 Next Bits: [0x00000239bd210000, 0x00000239bf1a0000)

Polling page: 0x00000239a1330000

Metaspace:

Usage:
  Non-class:     52.09 MB used.
      Class:      6.77 MB used.
       Both:     58.86 MB used.

Virtual space:
  Non-class space:       64.00 MB reserved,      52.25 MB ( 82%) committed,  1 nodes.
      Class space:        1.00 GB reserved,       6.94 MB ( <1%) committed,  1 nodes.
             Both:        1.06 GB reserved,      59.19 MB (  5%) committed. 

Chunk freelists:
   Non-Class:  3.06 MB
       Class:  1.09 MB
        Both:  4.16 MB

MaxMetaspaceSize: unlimited
CompressedClassSpaceSize: 1.00 GB
Initial GC threshold: 21.00 MB
Current GC threshold: 59.19 MB
CDS: on
MetaspaceReclaimPolicy: balanced
 - commit_granule_bytes: 65536.
 - commit_granule_words: 8192.
 - virtual_space_node_default_size: 8388608.
 - enlarge_chunks_in_place: 1.
 - new_chunks_are_fully_committed: 0.
 - uncommit_free_chunks: 1.
 - use_allocation_guard: 0.


Internal statistics:

num_allocs_failed_limit: 13.
num_arena_births: 454.
num_arena_deaths: 2.
num_vsnodes_births: 2.
num_vsnodes_deaths: 0.
num_space_committed: 947.
num_space_uncommitted: 0.
num_chunks_returned_to_freelist: 16.
num_chunks_taken_from_freelist: 2347.
num_chunk_merges: 13.
num_chunk_splits: 1783.
num_chunks_enlarged: 1521.
num_inconsistent_stats: 0.

CodeHeap 'non-profiled nmethods': size=120000Kb used=3695Kb max_used=3747Kb free=116304Kb
 bounds [0x00000239b2e20000, 0x00000239b31e0000, 0x00000239ba350000]
CodeHeap 'profiled nmethods': size=120000Kb used=12651Kb max_used=12651Kb free=107348Kb
 bounds [0x00000239ab350000, 0x00000239abfb0000, 0x00000239b2880000]
CodeHeap 'non-nmethods': size=5760Kb used=1419Kb max_used=1503Kb free=4340Kb
 bounds [0x00000239b2880000, 0x00000239b2af0000, 0x00000239b2e20000]
 total_blobs=6536 nmethods=5870 adapters=576
 compilation: enabled
              stopped_count=0, restarted_count=0
 full_count=0

Compilation events (20 events):
Event: 14.106 Thread 0x00000239c16b3ae0 nmethod 7171 0x00000239abfa8b10 code [0x00000239abfa8cc0, 0x00000239abfa8f08]
Event: 14.106 Thread 0x00000239c16b3ae0 7172       3       com.mysql.cj.result.Field::getOriginalName (35 bytes)
Event: 14.106 Thread 0x00000239c16b3ae0 nmethod 7172 0x00000239abfa9010 code [0x00000239abfa91e0, 0x00000239abfa9478]
Event: 14.106 Thread 0x00000239c16b29d0 7173       4       java.util.Calendar::internalSet (8 bytes)
Event: 14.107 Thread 0x00000239c16b29d0 nmethod 7173 0x00000239b30d7590 code [0x00000239b30d7720, 0x00000239b30d77d8]
Event: 14.107 Thread 0x00000239c16b29d0 7174       4       java.util.Collections$EmptySet::iterator (4 bytes)
Event: 14.108 Thread 0x00000239c16b29d0 nmethod 7174 0x00000239b30d7290 code [0x00000239b30d7420, 0x00000239b30d7498]
Event: 14.117 Thread 0x00000239c16b3ae0 7175       3       ch.qos.logback.core.pattern.Converter::getNext (32 bytes)
Event: 14.118 Thread 0x00000239c16b3ae0 nmethod 7175 0x00000239abfa9590 code [0x00000239abfa9740, 0x00000239abfa9988]
Event: 14.119 Thread 0x00000239c16b29d0 7176       4       java.lang.PublicMethods::merge (81 bytes)
Event: 14.120 Thread 0x00000239c16b3ae0 7180       3       org.springframework.core.annotation.AnnotationUtils::findAnnotation (256 bytes)
Event: 14.121 Thread 0x00000239c16b3ae0 nmethod 7180 0x00000239abfa9a90 code [0x00000239abfa9dc0, 0x00000239abfab068]
Event: 14.121 Thread 0x00000239c16b3ae0 7181       3       org.springframework.util.ReflectionUtils::findMethod (251 bytes)
Event: 14.122 Thread 0x00000239c16b3ae0 nmethod 7181 0x00000239abfab690 code [0x00000239abfab900, 0x00000239abfac228]
Event: 14.122 Thread 0x00000239c16b3ae0 7182       3       org.springframework.core.annotation.MergedAnnotationCollectors$$Lambda$383/0x000000080113e000::get (8 bytes)
Event: 14.122 Thread 0x00000239c16b3ae0 nmethod 7182 0x00000239abfac690 code [0x00000239abfac860, 0x00000239abfaca68]
Event: 14.122 Thread 0x00000239c16b3ae0 7183       3       org.springframework.scheduling.annotation.ScheduledAnnotationBeanPostProcessor$$Lambda$813/0x000000080139d5c8::inspect (5 bytes)
Event: 14.122 Thread 0x00000239c16b3ae0 nmethod 7183 0x00000239abfacb90 code [0x00000239abfacd40, 0x00000239abface88]
Event: 14.122 Thread 0x00000239cbbdf7d0 7179       4       java.lang.Class::getMethodsRecursive (99 bytes)
Event: 14.122 Thread 0x00000239c16b3ae0 7184       3       org.springframework.scheduling.annotation.ScheduledAnnotationBeanPostProcessor::lambda$postProcessAfterInitialization$0 (62 bytes)

GC Heap History (20 events):
Event: 8.475 GC heap after
{Heap after GC invocations=9 (full 0):
 garbage-first heap   total 99328K, used 28605K [0x0000000081c00000, 0x0000000100000000)
  region size 1024K, 1 young (1024K), 1 survivors (1024K)
 Metaspace       used 23506K, committed 23744K, reserved 1114112K
  class space    used 2525K, committed 2624K, reserved 1048576K
}
Event: 8.946 GC heap before
{Heap before GC invocations=9 (full 0):
 garbage-first heap   total 99328K, used 76733K [0x0000000081c00000, 0x0000000100000000)
  region size 1024K, 49 young (50176K), 1 survivors (1024K)
 Metaspace       used 25837K, committed 26112K, reserved 1114112K
  class space    used 2763K, committed 2880K, reserved 1048576K
}
Event: 8.949 GC heap after
{Heap after GC invocations=10 (full 0):
 garbage-first heap   total 99328K, used 31604K [0x0000000081c00000, 0x0000000100000000)
  region size 1024K, 4 young (4096K), 4 survivors (4096K)
 Metaspace       used 25837K, committed 26112K, reserved 1114112K
  class space    used 2763K, committed 2880K, reserved 1048576K
}
Event: 9.307 GC heap before
{Heap before GC invocations=10 (full 0):
 garbage-first heap   total 99328K, used 77684K [0x0000000081c00000, 0x0000000100000000)
  region size 1024K, 49 young (50176K), 4 survivors (4096K)
 Metaspace       used 27816K, committed 28096K, reserved 1114112K
  class space    used 2949K, committed 3072K, reserved 1048576K
}
Event: 9.315 GC heap after
{Heap after GC invocations=11 (full 0):
 garbage-first heap   total 99328K, used 34301K [0x0000000081c00000, 0x0000000100000000)
  region size 1024K, 3 young (3072K), 3 survivors (3072K)
 Metaspace       used 27816K, committed 28096K, reserved 1114112K
  class space    used 2949K, committed 3072K, reserved 1048576K
}
Event: 9.782 GC heap before
{Heap before GC invocations=11 (full 0):
 garbage-first heap   total 99328K, used 78333K [0x0000000081c00000, 0x0000000100000000)
  region size 1024K, 46 young (47104K), 3 survivors (3072K)
 Metaspace       used 29862K, committed 30144K, reserved 1114112K
  class space    used 3203K, committed 3328K, reserved 1048576K
}
Event: 9.792 GC heap after
{Heap after GC invocations=12 (full 0):
 garbage-first heap   total 283648K, used 36628K [0x0000000081c00000, 0x0000000100000000)
  region size 1024K, 6 young (6144K), 6 survivors (6144K)
 Metaspace       used 29862K, committed 30144K, reserved 1114112K
  class space    used 3203K, committed 3328K, reserved 1048576K
}
Event: 10.897 GC heap before
{Heap before GC invocations=12 (full 0):
 garbage-first heap   total 283648K, used 135956K [0x0000000081c00000, 0x0000000100000000)
  region size 1024K, 104 young (106496K), 6 survivors (6144K)
 Metaspace       used 35812K, committed 36160K, reserved 1114112K
  class space    used 3888K, committed 4096K, reserved 1048576K
}
Event: 10.907 GC heap after
{Heap after GC invocations=13 (full 0):
 garbage-first heap   total 283648K, used 43426K [0x0000000081c00000, 0x0000000100000000)
  region size 1024K, 12 young (12288K), 12 survivors (12288K)
 Metaspace       used 35812K, committed 36160K, reserved 1114112K
  class space    used 3888K, committed 4096K, reserved 1048576K
}
Event: 11.673 GC heap before
{Heap before GC invocations=14 (full 0):
 garbage-first heap   total 153600K, used 123298K [0x0000000081c00000, 0x0000000100000000)
  region size 1024K, 90 young (92160K), 12 survivors (12288K)
 Metaspace       used 41559K, committed 41920K, reserved 1114112K
  class space    used 4702K, committed 4864K, reserved 1048576K
}
Event: 11.686 GC heap after
{Heap after GC invocations=15 (full 0):
 garbage-first heap   total 153600K, used 48851K [0x0000000081c00000, 0x0000000100000000)
  region size 1024K, 6 young (6144K), 6 survivors (6144K)
 Metaspace       used 41559K, committed 41920K, reserved 1114112K
  class space    used 4702K, committed 4864K, reserved 1048576K
}
Event: 11.689 GC heap before
{Heap before GC invocations=15 (full 0):
 garbage-first heap   total 153600K, used 49875K [0x0000000081c00000, 0x0000000100000000)
  region size 1024K, 7 young (7168K), 6 survivors (6144K)
 Metaspace       used 41559K, committed 41920K, reserved 1114112K
  class space    used 4702K, committed 4864K, reserved 1048576K
}
Event: 11.694 GC heap after
{Heap after GC invocations=16 (full 0):
 garbage-first heap   total 153600K, used 49641K [0x0000000081c00000, 0x0000000100000000)
  region size 1024K, 1 young (1024K), 1 survivors (1024K)
 Metaspace       used 41559K, committed 41920K, reserved 1114112K
  class space    used 4702K, committed 4864K, reserved 1048576K
}
Event: 12.608 GC heap before
{Heap before GC invocations=16 (full 0):
 garbage-first heap   total 153600K, used 122345K [0x0000000081c00000, 0x0000000100000000)
  region size 1024K, 73 young (74752K), 1 survivors (1024K)
 Metaspace       used 50063K, committed 50432K, reserved 1114112K
  class space    used 5699K, committed 5888K, reserved 1048576K
}
Event: 12.618 GC heap after
{Heap after GC invocations=17 (full 0):
 garbage-first heap   total 153600K, used 56056K [0x0000000081c00000, 0x0000000100000000)
  region size 1024K, 8 young (8192K), 8 survivors (8192K)
 Metaspace       used 50063K, committed 50432K, reserved 1114112K
  class space    used 5699K, committed 5888K, reserved 1048576K
}
Event: 13.168 GC heap before
{Heap before GC invocations=17 (full 0):
 garbage-first heap   total 153600K, used 122616K [0x0000000081c00000, 0x0000000100000000)
  region size 1024K, 73 young (74752K), 8 survivors (8192K)
 Metaspace       used 53891K, committed 54272K, reserved 1114112K
  class space    used 6098K, committed 6272K, reserved 1048576K
}
Event: 13.179 GC heap after
{Heap after GC invocations=18 (full 0):
 garbage-first heap   total 153600K, used 60994K [0x0000000081c00000, 0x0000000100000000)
  region size 1024K, 6 young (6144K), 6 survivors (6144K)
 Metaspace       used 53891K, committed 54272K, reserved 1114112K
  class space    used 6098K, committed 6272K, reserved 1048576K
}
Event: 13.715 GC heap before
{Heap before GC invocations=18 (full 0):
 garbage-first heap   total 153600K, used 123458K [0x0000000081c00000, 0x0000000100000000)
  region size 1024K, 67 young (68608K), 6 survivors (6144K)
 Metaspace       used 57990K, committed 58368K, reserved 1114112K
  class space    used 6664K, committed 6848K, reserved 1048576K
}
Event: 13.722 GC heap after
{Heap after GC invocations=19 (full 0):
 garbage-first heap   total 153600K, used 65455K [0x0000000081c00000, 0x0000000100000000)
  region size 1024K, 6 young (6144K), 6 survivors (6144K)
 Metaspace       used 57990K, committed 58368K, reserved 1114112K
  class space    used 6664K, committed 6848K, reserved 1048576K
}
Event: 14.122 GC heap before
{Heap before GC invocations=19 (full 0):
 garbage-first heap   total 153600K, used 100271K [0x0000000081c00000, 0x0000000100000000)
  region size 1024K, 41 young (41984K), 6 survivors (6144K)
 Metaspace       used 60272K, committed 60608K, reserved 1114112K
  class space    used 6933K, committed 7104K, reserved 1048576K
}

Dll operation events (14 events):
Event: 0.021 Loaded shared library C:\Program Files\Java\jdk-19\bin\java.dll
Event: 0.023 Loaded shared library C:\Program Files\Java\jdk-19\bin\zip.dll
Event: 0.059 Loaded shared library C:\Program Files\Java\jdk-19\bin\jsvml.dll
Event: 0.211 Loaded shared library C:\Program Files\Java\jdk-19\bin\instrument.dll
Event: 0.240 Loaded shared library C:\Program Files\Java\jdk-19\bin\zip.dll
Event: 0.250 Loaded shared library C:\Program Files\Java\jdk-19\bin\jimage.dll
Event: 0.354 Loaded shared library C:\Program Files\Java\jdk-19\bin\net.dll
Event: 0.356 Loaded shared library C:\Program Files\Java\jdk-19\bin\nio.dll
Event: 0.386 Loaded shared library C:\Program Files\JetBrains\IntelliJ IDEA Community Edition 2022.3.2\bin\breakgen64.dll
Event: 0.413 Loaded shared library C:\Program Files\Java\jdk-19\bin\extnet.dll
Event: 0.981 Loaded shared library C:\Program Files\Java\jdk-19\bin\verify.dll
Event: 7.425 Loaded shared library C:\Program Files\Java\jdk-19\bin\management.dll
Event: 7.429 Loaded shared library C:\Program Files\Java\jdk-19\bin\management_ext.dll
Event: 11.913 Loaded shared library C:\Program Files\Java\jdk-19\bin\sunmscapi.dll

Deoptimization events (20 events):
Event: 13.732 Thread 0x00000239a33f49c0 Uncommon trap: trap_request=0xffffff45 fr.pc=0x00000239b2e9cf24 relative=0x0000000000000844
Event: 13.732 Thread 0x00000239a33f49c0 Uncommon trap: reason=unstable_if action=reinterpret pc=0x00000239b2e9cf24 method=java.util.jar.JarFile.getEntry(Ljava/lang/String;)Ljava/util/zip/ZipEntry; @ 15 c2
Event: 13.732 Thread 0x00000239a33f49c0 DEOPT PACKING pc=0x00000239b2e9cf24 sp=0x0000007a032f83b0
Event: 13.732 Thread 0x00000239a33f49c0 DEOPT UNPACKING pc=0x00000239b28e6da3 sp=0x0000007a032f83b8 mode 2
Event: 13.733 Thread 0x00000239a33f49c0 Uncommon trap: trap_request=0xffffffc6 fr.pc=0x00000239b31add4c relative=0x000000000000030c
Event: 13.733 Thread 0x00000239a33f49c0 Uncommon trap: reason=bimorphic_or_optimized_type_check action=maybe_recompile pc=0x00000239b31add4c method=java.util.regex.Pattern$SliceI.match(Ljava/util/regex/Matcher;ILjava/lang/CharSequence;)Z @ 92 c2
Event: 13.733 Thread 0x00000239a33f49c0 DEOPT PACKING pc=0x00000239b31add4c sp=0x0000007a032f9330
Event: 13.733 Thread 0x00000239a33f49c0 DEOPT UNPACKING pc=0x00000239b28e6da3 sp=0x0000007a032f92b8 mode 2
Event: 14.068 Thread 0x00000239a33f49c0 Uncommon trap: trap_request=0xffffff45 fr.pc=0x00000239b3139b44 relative=0x0000000000000284
Event: 14.068 Thread 0x00000239a33f49c0 Uncommon trap: reason=unstable_if action=reinterpret pc=0x00000239b3139b44 method=com.mysql.cj.protocol.a.NativePacketPayload.readInteger(Lcom/mysql/cj/protocol/a/NativeConstants$IntegerDataType;)J @ 692 c2
Event: 14.068 Thread 0x00000239a33f49c0 DEOPT PACKING pc=0x00000239b3139b44 sp=0x0000007a032fa770
Event: 14.068 Thread 0x00000239a33f49c0 DEOPT UNPACKING pc=0x00000239b28e6da3 sp=0x0000007a032fa6f8 mode 2
Event: 14.069 Thread 0x00000239a33f49c0 Uncommon trap: trap_request=0xffffff45 fr.pc=0x00000239b2fcf3ac relative=0x000000000000008c
Event: 14.069 Thread 0x00000239a33f49c0 Uncommon trap: reason=unstable_if action=reinterpret pc=0x00000239b2fcf3ac method=java.lang.CharacterDataLatin1.isWhitespace(I)Z @ 14 c2
Event: 14.069 Thread 0x00000239a33f49c0 DEOPT PACKING pc=0x00000239b2fcf3ac sp=0x0000007a032fad00
Event: 14.069 Thread 0x00000239a33f49c0 DEOPT UNPACKING pc=0x00000239b28e6da3 sp=0x0000007a032fabc8 mode 2
Event: 14.069 Thread 0x00000239a33f49c0 Uncommon trap: trap_request=0xffffff45 fr.pc=0x00000239b2ee0f24 relative=0x0000000000000084
Event: 14.069 Thread 0x00000239a33f49c0 Uncommon trap: reason=unstable_if action=reinterpret pc=0x00000239b2ee0f24 method=java.lang.CharacterDataLatin1.isWhitespace(I)Z @ 14 c2
Event: 14.069 Thread 0x00000239a33f49c0 DEOPT PACKING pc=0x00000239b2ee0f24 sp=0x0000007a032fac70
Event: 14.069 Thread 0x00000239a33f49c0 DEOPT UNPACKING pc=0x00000239b28e6da3 sp=0x0000007a032fabe0 mode 2

Classes loaded (20 events):
Event: 14.114 Loading class org/hibernate/jpa/internal/util/LockOptionsHelper
Event: 14.114 Loading class org/hibernate/jpa/internal/util/LockOptionsHelper done
Event: 14.115 Loading class org/hibernate/jpa/internal/util/ConfigurationHelper
Event: 14.115 Loading class org/hibernate/jpa/internal/util/ConfigurationHelper done
Event: 14.115 Loading class javax/persistence/FlushModeType
Event: 14.115 Loading class javax/persistence/FlushModeType done
Event: 14.116 Loading class org/hibernate/internal/SessionFactoryRegistry
Event: 14.116 Loading class org/hibernate/internal/SessionFactoryRegistry done
Event: 14.116 Loading class org/hibernate/internal/CoreMessageLogger_$logger_en_US
Event: 14.116 Loading class org/hibernate/internal/CoreMessageLogger_$logger_en_US done
Event: 14.116 Loading class org/hibernate/internal/CoreMessageLogger_$logger_en
Event: 14.116 Loading class org/hibernate/internal/CoreMessageLogger_$logger_en done
Event: 14.117 Loading class org/hibernate/internal/SessionFactoryRegistry$1
Event: 14.117 Loading class org/hibernate/internal/SessionFactoryRegistry$1 done
Event: 14.117 Loading class org/springframework/orm/jpa/AbstractEntityManagerFactoryBean$ManagedEntityManagerFactoryInvocationHandler
Event: 14.117 Loading class org/springframework/orm/jpa/AbstractEntityManagerFactoryBean$ManagedEntityManagerFactoryInvocationHandler done
Event: 14.118 Loading class org/hibernate/engine/spi/FilterDefinition
Event: 14.118 Loading class org/hibernate/engine/spi/FilterDefinition done
Event: 14.119 Loading class javax/naming/Reference
Event: 14.119 Loading class javax/naming/Reference done

Classes unloaded (1 events):
Event: 8.125 Thread 0x00000239c168a5f0 Unloading class 0x0000000801006800 'java/lang/invoke/LambdaForm$DMH+0x0000000801006800'

Classes redefined (0 events):
No events

Internal exceptions (20 events):
Event: 10.632 Thread 0x00000239a33f49c0 Exception <a 'java/lang/ClassNotFoundException'{0x000000008effb6f0}: org/springframework/dao/support/PersistenceExceptionTranslatorCustomizer> (0x000000008effb6f0) 
thrown [s\open\src\hotspot\share\classfile\systemDictionary.cpp, line 255]
Event: 11.259 Thread 0x00000239a33f49c0 Exception <a 'java/lang/NoSuchMethodError'{0x00000000885feff8}: 'java.lang.Object java.lang.invoke.DirectMethodHandle$Holder.invokeStaticInit(java.lang.Object, int, int, int, int)'> (0x00000000885feff8) 
thrown [s\open\src\hotspot\share\interpreter\linkResolver.cpp, line 774]
Event: 11.322 Thread 0x00000239a33f49c0 Exception <a 'java/lang/NoSuchMethodError'{0x00000000884f0270}: 'java.lang.Object java.lang.invoke.DirectMethodHandle$Holder.invokeStaticInit(java.lang.Object, java.lang.Object, int, int, int, int)'> (0x00000000884f0270) 
thrown [s\open\src\hotspot\share\interpreter\linkResolver.cpp, line 774]
Event: 11.537 Thread 0x00000239a33f49c0 Implicit null exception at 0x00000239b311d170 to 0x00000239b311d618
Event: 11.972 Thread 0x00000239a33f49c0 Exception <a 'sun/nio/fs/WindowsException'{0x00000000897ccac0}> (0x00000000897ccac0) 
thrown [s\open\src\hotspot\share\prims\jni.cpp, line 517]
Event: 12.244 Thread 0x00000239a33f49c0 Exception <a 'java/lang/NoSuchMethodError'{0x00000000892f13c0}: 'void java.lang.invoke.DirectMethodHandle$Holder.invokeVirtual(java.lang.Object, java.lang.Object)'> (0x00000000892f13c0) 
thrown [s\open\src\hotspot\share\interpreter\linkResolver.cpp, line 774]
Event: 12.447 Thread 0x00000239a33f49c0 Exception <a 'java/lang/NoSuchMethodError'{0x0000000087b17d68}: 'java.lang.Object java.lang.invoke.DirectMethodHandle$Holder.invokeStaticInit(java.lang.Object, java.lang.Object, java.lang.Object, java.lang.Object)'> (0x0000000087b17d68) 
thrown [s\open\src\hotspot\share\interpreter\linkResolver.cpp, line 774]
Event: 12.889 Thread 0x00000239a33f49c0 Exception <a 'java/lang/ClassNotFoundException'{0x00000000899e3070}: java/lang/ObjectCustomizer> (0x00000000899e3070) 
thrown [s\open\src\hotspot\share\classfile\systemDictionary.cpp, line 255]
Event: 12.890 Thread 0x00000239a33f49c0 Exception <a 'java/lang/ClassNotFoundException'{0x00000000899eaa88}: org/hibernate/id/enhanced/SequenceStyleGeneratorCustomizer> (0x00000000899eaa88) 
thrown [s\open\src\hotspot\share\classfile\systemDictionary.cpp, line 255]
Event: 12.891 Thread 0x00000239a33f49c0 Exception <a 'java/lang/ClassNotFoundException'{0x00000000899f8db8}: org/hibernate/id/PersistentIdentifierGeneratorCustomizer> (0x00000000899f8db8) 
thrown [s\open\src\hotspot\share\classfile\systemDictionary.cpp, line 255]
Event: 12.892 Thread 0x00000239a33f49c0 Exception <a 'java/lang/ClassNotFoundException'{0x00000000899fe268}: org/hibernate/id/IdentifierGeneratorCustomizer> (0x00000000899fe268) 
thrown [s\open\src\hotspot\share\classfile\systemDictionary.cpp, line 255]
Event: 12.893 Thread 0x00000239a33f49c0 Exception <a 'java/lang/ClassNotFoundException'{0x00000000898054e0}: org/hibernate/id/ConfigurableCustomizer> (0x00000000898054e0) 
thrown [s\open\src\hotspot\share\classfile\systemDictionary.cpp, line 255]
Event: 12.893 Thread 0x00000239a33f49c0 Exception <a 'java/lang/ClassNotFoundException'{0x000000008980b068}: org/hibernate/boot/model/relational/ExportableProducerCustomizer> (0x000000008980b068) 
thrown [s\open\src\hotspot\share\classfile\systemDictionary.cpp, line 255]
Event: 12.893 Thread 0x00000239a33f49c0 Exception <a 'java/lang/ClassNotFoundException'{0x00000000898108a8}: org/hibernate/id/BulkInsertionCapableIdentifierGeneratorCustomizer> (0x00000000898108a8) 
thrown [s\open\src\hotspot\share\classfile\systemDictionary.cpp, line 255]
Event: 12.894 Thread 0x00000239a33f49c0 Exception <a 'java/lang/ClassNotFoundException'{0x0000000089816ca0}: org/hibernate/id/IdentifierGeneratorCustomizer> (0x0000000089816ca0) 
thrown [s\open\src\hotspot\share\classfile\systemDictionary.cpp, line 255]
Event: 12.894 Thread 0x00000239a33f49c0 Exception <a 'java/lang/ClassNotFoundException'{0x000000008981d618}: org/hibernate/id/ConfigurableCustomizer> (0x000000008981d618) 
thrown [s\open\src\hotspot\share\classfile\systemDictionary.cpp, line 255]
Event: 12.894 Thread 0x00000239a33f49c0 Exception <a 'java/lang/ClassNotFoundException'{0x0000000089822eb8}: org/hibernate/boot/model/relational/ExportableProducerCustomizer> (0x0000000089822eb8) 
thrown [s\open\src\hotspot\share\classfile\systemDictionary.cpp, line 255]
Event: 12.982 Thread 0x00000239a33f49c0 Exception <a 'java/lang/NoSuchMethodError'{0x0000000088c7e3b0}: 'java.lang.Object java.lang.invoke.DirectMethodHandle$Holder.newInvokeSpecial(java.lang.Object, java.lang.Object, int, java.lang.Object, java.lang.Object)'> (0x0000000088c7e3b0) 
thrown [s\open\src\hotspot\share\interpreter\linkResolver.cpp, line 774]
Event: 13.701 Thread 0x00000239a33f49c0 Exception <a 'java/lang/NoSuchMethodError'{0x0000000087643798}: 'java.lang.Object java.lang.invoke.DirectMethodHandle$Holder.invokeStaticInit(java.lang.Object, java.lang.Object, java.lang.Object, java.lang.Object, int, int)'> (0x0000000087643798) 
thrown [s\open\src\hotspot\share\interpreter\linkResolver.cpp, line 774]
Event: 14.122 Thread 0x00000239a33f49c0 Exception <a 'java/lang/NoSuchMethodError'{0x0000000088f1f0b0}: 'void java.lang.invoke.Invokers$Holder.invokeExact_MT(java.lang.Object, java.lang.Object, java.lang.Object, java.lang.Object)'> (0x0000000088f1f0b0) 
thrown [s\open\src\hotspot\share\interpreter\linkResolver.cpp, line 774]

VM Operations (20 events):
Event: 12.426 Executing VM operation: HandshakeAllThreads done
Event: 12.438 Executing VM operation: HandshakeAllThreads
Event: 12.438 Executing VM operation: HandshakeAllThreads done
Event: 12.447 Executing VM operation: HandshakeAllThreads
Event: 12.447 Executing VM operation: HandshakeAllThreads done
Event: 12.453 Executing VM operation: ICBufferFull
Event: 12.454 Executing VM operation: ICBufferFull done
Event: 12.608 Executing VM operation: G1CollectForAllocation
Event: 12.618 Executing VM operation: G1CollectForAllocation done
Event: 13.168 Executing VM operation: G1CollectForAllocation
Event: 13.179 Executing VM operation: G1CollectForAllocation done
Event: 13.534 Executing VM operation: ICBufferFull
Event: 13.535 Executing VM operation: ICBufferFull done
Event: 13.715 Executing VM operation: G1CollectForAllocation
Event: 13.722 Executing VM operation: G1CollectForAllocation done
Event: 13.851 Executing VM operation: HandshakeAllThreads
Event: 13.851 Executing VM operation: HandshakeAllThreads done
Event: 13.972 Executing VM operation: HandshakeAllThreads
Event: 13.972 Executing VM operation: HandshakeAllThreads done
Event: 14.122 Executing VM operation: CollectForMetadataAllocation

Events (20 events):
Event: 12.457 Thread 0x00000239c16b7c10 flushing nmethod 0x00000239abef3510
Event: 12.457 Thread 0x00000239c16b7c10 flushing nmethod 0x00000239abefc010
Event: 12.457 Thread 0x00000239c16b7c10 flushing nmethod 0x00000239abefdc10
Event: 12.457 Thread 0x00000239c16b7c10 flushing nmethod 0x00000239abefec90
Event: 12.457 Thread 0x00000239c16b7c10 flushing nmethod 0x00000239abf16090
Event: 12.457 Thread 0x00000239c16b7c10 flushing nmethod 0x00000239abf16510
Event: 12.457 Thread 0x00000239c16b7c10 flushing nmethod 0x00000239abf16990
Event: 12.457 Thread 0x00000239c16b7c10 flushing nmethod 0x00000239abf1b310
Event: 12.457 Thread 0x00000239c16b7c10 flushing nmethod 0x00000239abf1b690
Event: 12.457 Thread 0x00000239c16b7c10 flushing nmethod 0x00000239abf1bc10
Event: 12.457 Thread 0x00000239c16b7c10 flushing nmethod 0x00000239abf1c010
Event: 12.457 Thread 0x00000239c16b7c10 flushing nmethod 0x00000239abf1e710
Event: 12.457 Thread 0x00000239c16b7c10 flushing nmethod 0x00000239abf1ed90
Event: 12.457 Thread 0x00000239c16b7c10 flushing nmethod 0x00000239abf1fb10
Event: 12.457 Thread 0x00000239c16b7c10 flushing nmethod 0x00000239abf20690
Event: 12.457 Thread 0x00000239c16b7c10 flushing nmethod 0x00000239abf21510
Event: 12.457 Thread 0x00000239c16b7c10 flushing nmethod 0x00000239abf24c90
Event: 12.457 Thread 0x00000239c16b7c10 flushing nmethod 0x00000239abf2ad90
Event: 13.937 Thread 0x00000239ca9b5e60 Thread exited: 0x00000239ca9b5e60
Event: 14.122 Thread 0x00000239cbbdf7d0 Thread added: 0x00000239cbbdf7d0


Dynamic libraries:
0x00007ff740a50000 - 0x00007ff740a60000 	C:\Program Files\Java\jdk-19\bin\java.exe
0x00007fff32570000 - 0x00007fff32768000 	C:\Windows\SYSTEM32\ntdll.dll
0x00007fff318d0000 - 0x00007fff3198f000 	C:\Windows\System32\KERNEL32.DLL
0x00007fff2fef0000 - 0x00007fff301c2000 	C:\Windows\System32\KERNELBASE.dll
0x00007fff302a0000 - 0x00007fff303a0000 	C:\Windows\System32\ucrtbase.dll
0x00007fff29100000 - 0x00007fff29118000 	C:\Program Files\Java\jdk-19\bin\jli.dll
0x00007fff2ab10000 - 0x00007fff2ab2b000 	C:\Program Files\Java\jdk-19\bin\VCRUNTIME140.dll
0x00007fff31a90000 - 0x00007fff31b3e000 	C:\Windows\System32\ADVAPI32.dll
0x00007fff320c0000 - 0x00007fff3215e000 	C:\Windows\System32\msvcrt.dll
0x00007fff31d90000 - 0x00007fff31e2c000 	C:\Windows\System32\sechost.dll
0x00007fff317a0000 - 0x00007fff318c4000 	C:\Windows\System32\RPCRT4.dll
0x00007fff31e30000 - 0x00007fff31fd1000 	C:\Windows\System32\USER32.dll
0x00007fff1b870000 - 0x00007fff1bb0a000 	C:\Windows\WinSxS\amd64_microsoft.windows.common-controls_6595b64144ccf1df_6.0.19041.1110_none_60b5254171f9507e\COMCTL32.dll
0x00007fff30270000 - 0x00007fff30292000 	C:\Windows\System32\win32u.dll
0x00007fff31990000 - 0x00007fff319bb000 	C:\Windows\System32\GDI32.dll
0x00007fff2fde0000 - 0x00007fff2feef000 	C:\Windows\System32\gdi32full.dll
0x00007fff301d0000 - 0x00007fff3026d000 	C:\Windows\System32\msvcp_win.dll
0x00007fff2a4e0000 - 0x00007fff2a4ea000 	C:\Windows\SYSTEM32\VERSION.dll
0x00007fff32160000 - 0x00007fff32190000 	C:\Windows\System32\IMM32.DLL
0x00007fff2ab80000 - 0x00007fff2ab8c000 	C:\Program Files\Java\jdk-19\bin\vcruntime140_1.dll
0x00007fff1b520000 - 0x00007fff1b5ae000 	C:\Program Files\Java\jdk-19\bin\msvcp140.dll
0x00007ffeb7c50000 - 0x00007ffeb8910000 	C:\Program Files\Java\jdk-19\bin\server\jvm.dll
0x00007fff2ad90000 - 0x00007fff2ad99000 	C:\Windows\SYSTEM32\WSOCK32.dll
0x00007fff24af0000 - 0x00007fff24b17000 	C:\Windows\SYSTEM32\WINMM.dll
0x00007fff31ca0000 - 0x00007fff31d0b000 	C:\Windows\System32\WS2_32.dll
0x00007fff2e510000 - 0x00007fff2e522000 	C:\Windows\SYSTEM32\kernel.appcore.dll
0x00007fff2ab00000 - 0x00007fff2ab0a000 	C:\Program Files\Java\jdk-19\bin\jimage.dll
0x00007fff2b6e0000 - 0x00007fff2b8c4000 	C:\Windows\SYSTEM32\DBGHELP.DLL
0x00007fff28340000 - 0x00007fff28375000 	C:\Windows\SYSTEM32\dbgcore.DLL
0x00007fff2fca0000 - 0x00007fff2fd22000 	C:\Windows\System32\bcryptPrimitives.dll
0x00007fff26370000 - 0x00007fff2637e000 	C:\Program Files\Java\jdk-19\bin\instrument.dll
0x00007fff263a0000 - 0x00007fff263c6000 	C:\Program Files\Java\jdk-19\bin\java.dll
0x00007fff26730000 - 0x00007fff26748000 	C:\Program Files\Java\jdk-19\bin\zip.dll
0x00007fff19ee0000 - 0x00007fff19fb7000 	C:\Program Files\Java\jdk-19\bin\jsvml.dll
0x00007fff30e50000 - 0x00007fff31595000 	C:\Windows\System32\SHELL32.dll
0x00007fff2dbc0000 - 0x00007fff2e352000 	C:\Windows\SYSTEM32\windows.storage.dll
0x00007fff30af0000 - 0x00007fff30e45000 	C:\Windows\System32\combase.dll
0x00007fff2f6d0000 - 0x00007fff2f700000 	C:\Windows\SYSTEM32\Wldp.dll
0x00007fff31be0000 - 0x00007fff31c8d000 	C:\Windows\System32\SHCORE.dll
0x00007fff31600000 - 0x00007fff31655000 	C:\Windows\System32\shlwapi.dll
0x00007fff2fbb0000 - 0x00007fff2fbcf000 	C:\Windows\SYSTEM32\profapi.dll
0x00007fff290e0000 - 0x00007fff290f3000 	C:\Program Files\Java\jdk-19\bin\net.dll
0x00007fff280c0000 - 0x00007fff281ca000 	C:\Windows\SYSTEM32\WINHTTP.dll
0x00007fff2f430000 - 0x00007fff2f49a000 	C:\Windows\system32\mswsock.dll
0x00007fff283c0000 - 0x00007fff283d6000 	C:\Program Files\Java\jdk-19\bin\nio.dll
0x00007fff241b0000 - 0x00007fff241ca000 	C:\Program Files\JetBrains\IntelliJ IDEA Community Edition 2022.3.2\bin\breakgen64.dll
0x00007fff26380000 - 0x00007fff26388000 	C:\Program Files\Java\jdk-19\bin\extnet.dll
0x00007fff29ea0000 - 0x00007fff29eb0000 	C:\Program Files\Java\jdk-19\bin\verify.dll
0x00007fff29130000 - 0x00007fff2913a000 	C:\Program Files\Java\jdk-19\bin\management.dll
0x00007fff28d90000 - 0x00007fff28d9b000 	C:\Program Files\Java\jdk-19\bin\management_ext.dll
0x00007fff31c90000 - 0x00007fff31c98000 	C:\Windows\System32\PSAPI.DLL
0x00007fff12ec0000 - 0x00007fff12ed7000 	C:\Windows\system32\napinsp.dll
0x00007fff12df0000 - 0x00007fff12e0b000 	C:\Windows\system32\pnrpnsp.dll
0x00007fff12dd0000 - 0x00007fff12de5000 	C:\Windows\system32\wshbth.dll
0x00007fff29bd0000 - 0x00007fff29bed000 	C:\Windows\system32\NLAapi.dll
0x00007fff2f0d0000 - 0x00007fff2f10b000 	C:\Windows\SYSTEM32\IPHLPAPI.DLL
0x00007fff2f120000 - 0x00007fff2f1eb000 	C:\Windows\SYSTEM32\DNSAPI.dll
0x00007fff31660000 - 0x00007fff31668000 	C:\Windows\System32\NSI.dll
0x00007fff12db0000 - 0x00007fff12dc2000 	C:\Windows\System32\winrnr.dll
0x00007fff25d60000 - 0x00007fff25d6a000 	C:\Windows\System32\rasadhlp.dll
0x00007fff25ce0000 - 0x00007fff25d60000 	C:\Windows\System32\fwpuclnt.dll
0x00007fff2fc70000 - 0x00007fff2fc97000 	C:\Windows\System32\bcrypt.dll
0x00007fff2f620000 - 0x00007fff2f638000 	C:\Windows\SYSTEM32\CRYPTSP.dll
0x00007fff2ece0000 - 0x00007fff2ed14000 	C:\Windows\system32\rsaenh.dll
0x00007fff2fb30000 - 0x00007fff2fb5e000 	C:\Windows\SYSTEM32\USERENV.dll
0x00007fff2f640000 - 0x00007fff2f64c000 	C:\Windows\SYSTEM32\CRYPTBASE.dll
0x00007fff28a20000 - 0x00007fff28a37000 	C:\Windows\SYSTEM32\dhcpcsvc6.DLL
0x00007fff29580000 - 0x00007fff2959d000 	C:\Windows\SYSTEM32\dhcpcsvc.DLL
0x00007fff26700000 - 0x00007fff2670e000 	C:\Program Files\Java\jdk-19\bin\sunmscapi.dll
0x00007fff303a0000 - 0x00007fff304f6000 	C:\Windows\System32\CRYPT32.dll
0x00007fff2f740000 - 0x00007fff2f767000 	C:\Windows\SYSTEM32\ncrypt.dll
0x00007fff2f700000 - 0x00007fff2f73b000 	C:\Windows\SYSTEM32\NTASN1.dll

dbghelp: loaded successfully - version: 4.0.5 - missing functions: none
symbol engine: initialized successfully - sym options: 0x614 - pdb path: .;C:\Program Files\Java\jdk-19\bin;C:\Windows\SYSTEM32;C:\Windows\WinSxS\amd64_microsoft.windows.common-controls_6595b64144ccf1df_6.0.19041.1110_none_60b5254171f9507e;C:\Program Files\Java\jdk-19\bin\server;C:\Program Files\JetBrains\IntelliJ IDEA Community Edition 2022.3.2\bin

VM Arguments:
jvm_args: -ea -javaagent:C:\Users\user\AppData\Local\JetBrains\IdeaIC2022.3\testAgent\intellij-coverage-agent-1.0.682.jar=C:\Users\user\AppData\Local\Temp\coverage10args -Didea.new.sampling.coverage=true -Dcoverage.ignore.private.constructor.util.class=true -Didea.test.cyclic.buffer.size=1048576 -javaagent:C:\Program Files\JetBrains\IntelliJ IDEA Community Edition 2022.3.2\lib\idea_rt.jar=59238:C:\Program Files\JetBrains\IntelliJ IDEA Community Edition 2022.3.2\bin -Dfile.encoding=UTF-8 -Dsun.stdout.encoding=UTF-8 -Dsun.stderr.encoding=UTF-8 
java_command: com.intellij.rt.junit.JUnitStarter -ideVersion5 -junit5 @w@C:\Users\user\AppData\Local\Temp\idea_working_dirs_junit.tmp @C:\Users\user\AppData\Local\Temp\idea_junit.tmp -socket59237
java_class_path (initial): C:\Users\user\.m2\repository\org\junit\platform\junit-platform-launcher\1.8.2\junit-platform-launcher-1.8.2.jar;C:\Users\user\.m2\repository\org\junit\vintage\junit-vintage-engine\5.8.2\junit-vintage-engine-5.8.2.jar;C:\Program Files\JetBrains\IntelliJ IDEA Community Edition 2022.3.2\lib\idea_rt.jar;C:\Program Files\JetBrains\IntelliJ IDEA Community Edition 2022.3.2\plugins\junit\lib\junit5-rt.jar;C:\Program Files\JetBrains\IntelliJ IDEA Community Edition 2022.3.2\plugins\junit\lib\junit-rt.jar;C:\xampp\htdocs\group27\target\test-classes;C:\xampp\htdocs\group27\target\classes;C:\Users\user\.m2\repository\org\springframework\boot\spring-boot-starter-websocket\2.7.8\spring-boot-starter-websocket-2.7.8.jar;C:\Users\user\.m2\repository\org\springframework\spring-messaging\5.3.25\spring-messaging-5.3.25.jar;C:\Users\user\.m2\repository\org\springframework\spring-websocket\5.3.25\spring-websocket-5.3.25.jar;C:\Users\user\.m2\repository\org\springframework\boot\spring-boot-starter-data-jpa\2.7.8\spring-boot-starter-data-jpa-2.7.8.jar;C:\Users\user\.m2\repository\org\springframework\boot\spring-boot-starter-aop\2.7.8\spring-boot-starter-aop-2.7.8.jar;C:\Users\user\.m2\repository\org\springframework\spring-aop\5.3.25\spring-aop-5.3.25.jar;C:\Users\user\.m2\repository\org\aspectj\aspectjweaver\1.9.7\aspectjweaver-1.9.7.jar;C:\Users\user\.m2\repository\org\springframework\boot\spring-boot-starter-jdbc\2.7.8\spring-boot-starter-jdbc-2.7.8.jar;C:\Users\user\.m2\repository\com\zaxxer\HikariCP\4.0.3\HikariCP-4.0.3.jar;C:\Users\user\.m2\repository\org\springframework\spring-jdbc\5.3.25\spring-jdbc-5.3.25.jar;C:\Users\user\.m2\repository\jakarta\transaction\jakarta.transaction-api\1.3.3\jakarta.transaction-api-1.3.3.jar;C:\Users\user\.m2\repository\jakarta\persistence\jakarta.persistence-api\2.2.3\jakarta.persistence-api-2.2.3.jar;C:\Users\user\.m2\repository\org\hibernate\hibernate-core\5.6.14.Final\hibernate-core-5.6.14.Final.jar;C:\Users\user\.m2\repository\org\jboss\logging\jboss-logging\3.4.3.Final\jboss-logging-3.4.3.Final.jar;C:\Users\user\.m2\repository\net\bytebuddy\byte-buddy\1.12.22\byte-buddy-1.12.22.jar;C:\Users\user\.m2\repository\antlr\antlr\2.7.7\antlr-2.7.7.jar;C:\Users\user\.m2\repository\org\jboss\jandex\2.4.2.Final\jandex-2.4.2.Final.jar;C:\Users\user\.m2\repository\com\fasterxml\classmate\1.5.1\classmate-1.5.1.jar;C:\Users\user\.m2\repository\org\hibernate\common\hibernate-commons-annotations\5.1.2.Final\hibernate-commons-annotations-5.1.2.Final.jar;C:\Users\user\.m2\repository\org\glassfish\jaxb\jaxb-runtime\2.3.7\jaxb-runtime-2.3.7.jar;C:\Users\user\.m2\repository\org\glassfish\jaxb\txw2\2.3.7\txw2-2.3.7.jar;C:\Users\user\.m2\repository\com\sun\istack\istack-commons-runtime\3.0.12\istack-commons-runtime-3.0.12.jar;C:\Users\user\.m2\repository\com\sun\activation\jakarta.activation\1.2.2\jakarta.activation-1.2.2.jar;C:\Users\user\.m2\repository\org\springframework\data\spring-data-jpa\2.7.7\spring-data-jpa-2.7.7.jar;C:\Users\user\.m2\repository\org\springframework\data\spring-data-commons\2.7.7\spring-data-commons-2.7.7.jar;C:\Users\user\.m2\repository\org\springframework\spring-orm\5.3.25\spring-orm-5.3.25.jar;C:\Users\user\.m2\repository\org\springframework\spring-tx\5.3.25\spring-tx-5.3.25.jar;C:\Users\user\.m2\repository\org\slf4j\slf4j-api\1.7.36\slf4j-api-1.7.36.jar;C:\Users\user\.m2\repository\org\springframework\spring-aspects\5.3.25\spring-aspects-5.3.25.jar;C:\Users\user\.m2\repository\org\springframework\boot\spring-boot-starter-web\2.7.8\spring-boot-starter-web-2.7.8.jar;C:\Users\user\.m2\repository\org\springframework\boot\spring-boot-starter\2.7.8\spring-boot-starter-2.7.8.jar;C:\Users\user\.m2\repository\org\springframework\boot\spring-boot\2.7.8\spring-boot-2.7.8.jar;C:\Users\user\.m2\repository\org\springframework\boot\spring-boot-autoconfigure\2.7.8\spring-boot-autoconfigure-2.7.8.jar;C:\Users\user\.m2\repository\org\springframework\boot\spring-boot-starter-logging\2.7.8\spring-boot-starter-logging-2.7.8.jar;C:\Users\user\.m2\repository\ch\qos\logback\logback-classic\1.2.11\logback-classic-1.2.11.jar;C:\Users\user\.m2\repository\ch\qos\logback\logback-core\1.2.11\logback-core-1.2.11.jar;C:\Users\user\.m2\repository\org\apache\logging\log4j\log4j-to-slf4j\2.17.2\log4j-to-slf4j-2.17.2.jar;C:\Users\user\.m2\repository\org\apache\logging\log4j\log4j-api\2.17.2\log4j-api-2.17.2.jar;C:\Users\user\.m2\repository\org\slf4j\jul-to-slf4j\1.7.36\jul-to-slf4j-1.7.36.jar;C:\Users\user\.m2\repository\jakarta\annotation\jakarta.annotation-api\1.3.5\jakarta.annotation-api-1.3.5.jar;C:\Users\user\.m2\repository\org\yaml\snakeyaml\1.30\snakeyaml-1.30.jar;C:\Users\user\.m2\repository\org\springframework\boot\spring-boot-starter-json\2.7.8\spring-boot-starter-json-2.7.8.jar;C:\Users\user\.m2\repository\com\fasterxml\jackson\datatype\jackson-datatype-jdk8\2.13.4\jackson-datatype-jdk8-2.13.4.jar;C:\Users\user\.m2\repository\com\fasterxml\jackson\datatype\jackson-datatype-jsr310\2.13.4\jackson-datatype-jsr310-2.13.4.jar;C:\Users\user\.m2\repository\com\fasterxml\jackson\module\jackson-module-parameter-names\2.13.4\jackson-module-parameter-names-2.13.4.jar;C:\Users\user\.m2\repository\org\springframework\boot\spring-boot-starter-tomcat\2.7.8\spring-boot-starter-tomcat-2.7.8.jar;C:\Users\user\.m2\repository\org\apache\tomcat\embed\tomcat-embed-core\9.0.71\tomcat-embed-core-9.0.71.jar;C:\Users\user\.m2\repository\org\apache\tomcat\embed\tomcat-embed-el\9.0.71\tomcat-embed-el-9.0.71.jar;C:\Users\user\.m2\repository\org\apache\tomcat\embed\tomcat-embed-websocket\9.0.71\tomcat-embed-websocket-9.0.71.jar;C:\Users\user\.m2\repository\org\springframework\spring-web\5.3.25\spring-web-5.3.25.jar;C:\Users\user\.m2\repository\org\springframework\spring-webmvc\5.3.25\spring-webmvc-5.3.25.jar;C:\Users\user\.m2\repository\org\springframework\spring-expression\5.3.25\spring-expression-5.3.25.jar;C:\Users\user\.m2\repository\org\springframework\boot\spring-boot-starter-thymeleaf\2.7.8\spring-boot-starter-thymeleaf-2.7.8.jar;C:\Users\user\.m2\repository\org\thymeleaf\thymeleaf-spring5\3.0.15.RELEASE\thymeleaf-spring5-3.0.15.RELEASE.jar;C:\Users\user\.m2\repository\org\thymeleaf\thymeleaf\3.0.15.RELEASE\thymeleaf-3.0.15.RELEASE.jar;C:\Users\user\.m2\repository\org\attoparser\attoparser\2.0.5.RELEASE\attoparser-2.0.5.RELEASE.jar;C:\Users\user\.m2\repository\org\unbescape\unbescape\1.1.6.RELEASE\unbescape-1.1.6.RELEASE.jar;C:\Users\user\.m2\repository\org\thymeleaf\extras\thymeleaf-extras-java8time\3.0.4.RELEASE\thymeleaf-extras-java8time-3.0.4.RELEASE.jar;C:\Users\user\.m2\repository\org\springframework\boot\spring-boot-starter-test\2.7.8\spring-boot-starter-test-2.7.8.jar;C:\Users\user\.m2\repository\org\springframework\boot\spring-boot-test\2.7.8\spring-boot-test-2.7.8.jar;C:\Users\user\.m2\repository\org\springframework\boot\spring-boot-test-autoconfigure\2.7.8\spring-boot-test-autoconfigure-2.7.8.jar;C:\Users\user\.m2\repository\com\jayway\jsonpath\json-path\2.7.0\json-path-2.7.0.jar;C:\Users\user\.m2\repository\net\minidev\json-smart\2.4.8\json-smart-2.4.8.jar;C:\Users\user\.m2\repository\net\minidev\accessors-smart\2.4.8\accessors-smart-2.4.8.jar;C:\Users\user\.m2\repository\org\ow2\asm\asm\9.1\asm-9.1.jar;C:\Users\user\.m2\repository\jakarta\xml\bind\jakarta.xml.bind-api\2.3.3\jakarta.xml.bind-api-2.3.3.jar;C:\Users\user\.m2\repository\jakarta\activation\jakarta.activation-api\1.2.2\jakarta.activation-api-1.2.2.jar;C:\Users\user\.m2\repository\org\assertj\assertj-core\3.22.0\assertj-core-3.22.0.jar;C:\Users\user\.m2\repository\org\hamcrest\hamcrest\2.2\hamcrest-2.2.jar;C:\Users\user\.m2\repository\org\junit\jupiter\junit-jupiter\5.8.2\junit-jupiter-5.8.2.jar;C:\Users\user\.m2\repository\org\junit\jupiter\junit-jupiter-api\5.8.2\junit-jupiter-api-5.8.2.jar;C:\Users\user\.m2\repository\org\opentest4j\opentest4j\1.2.0\opentest4j-1.2.0.jar;C:\Users\user\.m2\repository\org\junit\platform\junit-platform-commons\1.8.2\junit-platform-commons-1.8.2.jar;C:\Users\user\.m2\repository\org\apiguardian\apiguardian-api\1.1.2\apiguardian-api-1.1.2.jar;C:\Users\user\.m2\repository\org\junit\jupiter\junit-jupiter-params\5.8.2\junit-jupiter-params-5.8.2.jar;C:\Users\user\.m2\repository\org\junit\jupiter\junit-jupiter-engine\5.8.2\junit-jupiter-engine-5.8.2.jar;C:\Users\user\.m2\repository\org\junit\platform\junit-platform-engine\1.8.2\junit-platform-engine-1.8.2.jar;C:\Users\user\.m2\repository\org\mockito\mockito-core\4.5.1\mockito-core-4.5.1.jar;C:\Users\user\.m2\repository\net\bytebuddy\byte-buddy-agent\1.12.22\byte-buddy-agent-1.12.22.jar;C:\Users\user\.m2\repository\org\objenesis\objenesis\3.2\objenesis-3.2.jar;C:\Users\user\.m2\repository\org\mockito\mockito-junit-jupiter\4.5.1\mockito-junit-jupiter-4.5.1.jar;C:\Users\user\.m2\repository\org\skyscreamer\jsonassert\1.5.1\jsonassert-1.5.1.jar;C:\Users\user\.m2\repository\com\vaadin\external\google\android-json\0.0.20131108.vaadin1\android-json-0.0.20131108.vaadin1.jar;C:\Users\user\.m2\repository\org\springframework\spring-core\5.3.25\spring-core-5.3.25.jar;C:\Users\user\.m2\repository\org\springframework\spring-jcl\5.3.25\spring-jcl-5.3.25.jar;C:\Users\user\.m2\repository\org\springframework\spring-test\5.3.25\spring-test-5.3.25.jar;C:\Users\user\.m2\repository\org\xmlunit\xmlunit-core\2.9.1\xmlunit-core-2.9.1.jar;C:\Users\user\.m2\repository\mysql\mysql-connector-java\8.0.29\mysql-connector-java-8.0.29.jar;C:\Users\user\.m2\repository\com\google\protobuf\protobuf-java\3.19.4\protobuf-java-3.19.4.jar;C:\Users\user\.m2\repository\javax\validation\validation-api\2.0.1.Final\validation-api-2.0.1.Final.jar;C:\Users\user\.m2\repository\io\jsonwebtoken\jjwt\0.9.1\jjwt-0.9.1.jar;C:\Users\user\.m2\repository\com\fasterxml\jackson\core\jackson-databind\2.13.4.2\jackson-databind-2.13.4.2.jar;C:\Users\user\.m2\repository\com\fasterxml\jackson\core\jackson-annotations\2.13.4\jackson-annotations-2.13.4.jar;C:\Users\user\.m2\repository\com\fasterxml\jackson\core\jackson-core\2.13.4\jackson-core-2.13.4.jar;C:\Users\user\.m2\repository\javax\xml\bind\jaxb-api\2.3.1\jaxb-api-2.3.1.jar;C:\Users\user\.m2\repository\javax\activation\javax.activation-api\1.2.0\javax.activation-api-1.2.0.jar;C:\Users\user\.m2\repository\com\sun\xml\bind\jaxb-impl\2.3.1\jaxb-impl-2.3.1.jar;C:\Users\user\.m2\repository\com\sun\activation\javax.activation\1.2.0\javax.activation-1.2.0.jar;C:\Users\user\.m2\repository\org\springframework\spring-context-support\6.0.4\spring-context-support-6.0.4.jar;C:\Users\user\.m2\repository\org\springframework\spring-beans\5.3.25\spring-beans-5.3.25.jar;C:\Users\user\.m2\repository\org\springframework\spring-context\5.3.25\spring-context-5.3.25.jar;C:\Users\user\.m2\repository\org\springdoc\springdoc-openapi-ui\1.6.14\springdoc-openapi-ui-1.6.14.jar;C:\Users\user\.m2\repository\org\springdoc\springdoc-openapi-webmvc-core\1.6.14\springdoc-openapi-webmvc-core-1.6.14.jar;C:\Users\user\.m2\repository\org\springdoc\springdoc-openapi-common\1.6.14\springdoc-openapi-common-1.6.14.jar;C:\Users\user\.m2\repository\io\swagger\core\v3\swagger-core\2.2.7\swagger-core-2.2.7.jar;C:\Users\user\.m2\repository\org\apache\commons\commons-lang3\3.12.0\commons-lang3-3.12.0.jar;C:\Users\user\.m2\repository\com\fasterxml\jackson\dataformat\jackson-dataformat-yaml\2.13.4\jackson-dataformat-yaml-2.13.4.jar;C:\Users\user\.m2\repository\io\swagger\core\v3\swagger-annotations\2.2.7\swagger-annotations-2.2.7.jar;C:\Users\user\.m2\repository\io\swagger\core\v3\swagger-models\2.2.7\swagger-models-2.2.7.jar;C:\Users\user\.m2\repository\jakarta\validation\jakarta.validation-api\2.0.2\jakarta.validation-api-2.0.2.jar;C:\Users\user\.m2\repository\org\webjars\swagger-ui\4.15.5\swagger-ui-4.15.5.jar;C:\Users\user\.m2\repository\org\webjars\webjars-locator-core\0.50\webjars-locator-core-0.50.jar;C:\Users\user\.m2\repository\io\github\classgraph\classgraph\4.8.149\classgraph-4.8.149.jar;C:\Users\user\.m2\repository\com\google\code\gson\gson\2.10.1\gson-2.10.1.jar;C:\Users\user\.m2\repository\junit\junit\4.13.2\junit-4.13.2.jar;C:\Users\user\.m2\repository\org\hamcrest\hamcrest-core\2.2\hamcrest-core-2.2.jar
Launcher Type: SUN_STANDARD

[Global flags]
     intx CICompilerCount                          = 4                                         {product} {ergonomic}
     uint ConcGCThreads                            = 2                                         {product} {ergonomic}
     uint G1ConcRefinementThreads                  = 8                                         {product} {ergonomic}
   size_t G1HeapRegionSize                         = 1048576                                   {product} {ergonomic}
    uintx GCDrainStackTargetSize                   = 64                                        {product} {ergonomic}
   size_t InitialHeapSize                          = 134217728                                 {product} {ergonomic}
   size_t MarkStackSize                            = 4194304                                   {product} {ergonomic}
   size_t MaxHeapSize                              = 2118123520                                {product} {ergonomic}
   size_t MaxNewSize                               = 1270874112                                {product} {ergonomic}
   size_t MinHeapDeltaBytes                        = 1048576                                   {product} {ergonomic}
   size_t MinHeapSize                              = 8388608                                   {product} {ergonomic}
    uintx NonNMethodCodeHeapSize                   = 5839372                                {pd product} {ergonomic}
    uintx NonProfiledCodeHeapSize                  = 122909434                              {pd product} {ergonomic}
    uintx ProfiledCodeHeapSize                     = 122909434                              {pd product} {ergonomic}
    uintx ReservedCodeCacheSize                    = 251658240                              {pd product} {ergonomic}
     bool SegmentedCodeCache                       = true                                      {product} {ergonomic}
   size_t SoftMaxHeapSize                          = 2118123520                             {manageable} {ergonomic}
     bool UseCompressedClassPointers               = true                           {product lp64_product} {ergonomic}
     bool UseCompressedOops                        = true                           {product lp64_product} {ergonomic}
     bool UseG1GC                                  = true                                      {product} {ergonomic}
     bool UseLargePagesIndividualAllocation        = false                                  {pd product} {ergonomic}

Logging:
Log output configuration:
 #0: stdout all=warning uptime,level,tags foldmultilines=false
 #1: stderr all=off uptime,level,tags foldmultilines=false

Environment Variables:
PATH=C:\Program Files\Common Files\Oracle\Java\javapath;C:\Windows\system32;C:\Windows;C:\Windows\System32\Wbem;C:\Windows\System32\WindowsPowerShell\v1.0\;C:\Windows\System32\OpenSSH\;C:\Program Files\dotnet\;C:\Program Files\Git\cmd;C:\Program Files\apache-maven-3.9.0\bin;C:\Program Files\MySQL\MySQL Shell 8.0\bin\;C:\Users\user\AppData\Local\Programs\Python\Python310\Scripts\;C:\Users\user\AppData\Local\Programs\Python\Python310\;C:\Users\user\AppData\Local\Microsoft\WindowsApps;;C:\Users\user\AppData\Local\Programs\Microsoft VS Code\bin;C:\Users\user\.dotnet\tools;C:\Program Files\JetBrains\IntelliJ IDEA 2022.3.2\bin;;C:\Program Files\JetBrains\IntelliJ IDEA Community Edition 2022.3.2\bin;
USERNAME=user
OS=Windows_NT
PROCESSOR_IDENTIFIER=Intel64 Family 6 Model 142 Stepping 10, GenuineIntel
TMP=C:\Users\user\AppData\Local\Temp
TEMP=C:\Users\user\AppData\Local\Temp



---------------  S Y S T E M  ---------------

OS:
 Windows 10 , 64 bit Build 19041 (10.0.19041.2546)
OS uptime: 12 days 1:43 hours

CPU: total 8 (initial active 8) (4 cores per cpu, 2 threads per core) family 6 model 142 stepping 10 microcode 0xb4, cx8, cmov, fxsr, ht, mmx, 3dnowpref, sse, sse2, sse3, ssse3, sse4.1, sse4.2, popcnt, lzcnt, tsc, tscinvbit, avx, avx2, aes, erms, clmul, bmi1, bmi2, adx, fma, vzeroupper, clflush, clflushopt, rdtscp

Memory: 4k page, system-wide physical 8074M (413M free)
TotalPageFile size 32650M (AvailPageFile size 87M)
current process WorkingSet (physical memory assigned to process): 370M, peak: 377M
current process commit charge ("private bytes"): 440M, peak: 536M

vm_info: Java HotSpot(TM) 64-Bit Server VM (19.0.1+10-21) for windows-amd64 JRE (19.0.1+10-21), built on 2022-09-14T12:45:06Z by "mach5one" with MS VC++ 17.1 (VS2022)

END.
